#
# A fatal error has been detected by the Java Runtime Environment:
#
#  EXCEPTION_ACCESS_VIOLATION (0xc0000005) at pc=0x00007ffb2def714e, pid=11248, tid=18892
#
# JRE version: Java(TM) SE Runtime Environment (21.0.4+8) (build 21.0.4+8-LTS-274)
# Java VM: Java HotSpot(TM) 64-Bit Server VM (21.0.4+8-LTS-274, mixed mode, emulated-client, sharing, tiered, compressed oops, compressed class ptrs, g1 gc, windows-amd64)
# Problematic frame:
# V  [jvm.dll+0x31714e]
#
# No core dump will be written. Minidumps are not enabled by default on client versions of Windows
#
# If you would like to submit a bug report, please visit:
#   https://bugreport.java.com/bugreport/crash.jsp
#

---------------  S U M M A R Y ------------

Command Line: -XX:+ShowCodeDetailsInExceptionMessages -agentlib:jdwp=transport=dt_socket,suspend=y,address=localhost:52683 -Dcom.sun.management.jmxremote -Dcom.sun.management.jmxremote.port=52682 -Dcom.sun.management.jmxremote.authenticate=false -Dcom.sun.management.jmxremote.ssl=false -Djava.rmi.server.hostname=localhost -Dspring.jmx.enabled=true -Dmanagement.endpoints.jmx.exposure.include=* -Dspring.application.admin.enabled=true -Dserver.port=8300 -XX:TieredStopAtLevel=1 -Dspring.boot.project.name=car -javaagent:C:\Users\Carlos\eclipse\java-2024-09\eclipse\configuration\org.eclipse.osgi\251\0\.cp\lib\javaagent-shaded.jar -Dfile.encoding=UTF-8 -Dstdout.encoding=UTF-8 -Dstderr.encoding=UTF-8 com.pitang.car.CarApplication --spring.output.ansi.enabled=always

Host: AMD Ryzen 5 4600G with Radeon Graphics, 12 cores, 47G,  Windows 11 , 64 bit Build 22621 (10.0.22621.3958)
Time: Sat Nov  9 21:40:48 2024 Hora oficial do Brasil elapsed time: 4839.113983 seconds (0d 1h 20m 39s)

---------------  T H R E A D  ---------------

Current thread (0x0000026d7065a590):  WorkerThread "GC Thread#3"    [id=18892, stack(0x0000009088700000,0x0000009088800000) (1024K)]

Stack: [0x0000009088700000,0x0000009088800000],  sp=0x00000090887fe4d0,  free space=1017k
Native frames: (J=compiled Java code, j=interpreted, Vv=VM code, C=native code)
V  [jvm.dll+0x31714e]
V  [jvm.dll+0x33e899]
V  [jvm.dll+0x33e802]
V  [jvm.dll+0x311b1b]
V  [jvm.dll+0x31156d]
V  [jvm.dll+0x3ebf25]
V  [jvm.dll+0x7fd9c6]
V  [jvm.dll+0x807227]
V  [jvm.dll+0x3637da]
V  [jvm.dll+0x363894]
V  [jvm.dll+0x343193]
V  [jvm.dll+0x880f17]
V  [jvm.dll+0x7fd65b]
V  [jvm.dll+0x6c753d]
C  [ucrtbase.dll+0x29333]
C  [KERNEL32.DLL+0x1257d]
C  [ntdll.dll+0x5af08]

JavaThread 0x0000026d70d86bc0 (nid = 14128) was being processed
Java frames: (J=compiled Java code, j=interpreted, Vv=VM code)
j  java.lang.invoke.DirectMethodHandle$Holder.invokeVirtual(Ljava/lang/Object;Ljava/lang/Object;)Ljava/lang/Object;+10 java.base@21.0.4
J 2881 c1 java.lang.invoke.LambdaForm$MH+0x0000026d2c001c00.invoke(Ljava/lang/Object;Ljava/lang/Object;)Ljava/lang/Object; java.base@21.0.4 (35 bytes) @ 0x0000026d159c85cc [0x0000026d159c84c0+0x000000000000010c]
J 4701 c1 jdk.internal.reflect.DirectMethodHandleAccessor.invoke(Ljava/lang/Object;[Ljava/lang/Object;)Ljava/lang/Object; java.base@21.0.4 (92 bytes) @ 0x0000026d15ce4a3c [0x0000026d15ce46c0+0x000000000000037c]
J 4711 c1 java.lang.reflect.Method.invoke(Ljava/lang/Object;[Ljava/lang/Object;)Ljava/lang/Object; java.base@21.0.4 (108 bytes) @ 0x0000026d15ce80f4 [0x0000026d15ce7f00+0x00000000000001f4]
j  org.springframework.web.method.support.InvocableHandlerMethod.doInvoke([Ljava/lang/Object;)Ljava/lang/Object;+55
j  org.springframework.web.method.support.InvocableHandlerMethod.invokeForRequest(Lorg/springframework/web/context/request/NativeWebRequest;Lorg/springframework/web/method/support/ModelAndViewContainer;[Ljava/lang/Object;)Ljava/lang/Object;+82
j  org.springframework.web.servlet.mvc.method.annotation.ServletInvocableHandlerMethod.invokeAndHandle(Lorg/springframework/web/context/request/ServletWebRequest;Lorg/springframework/web/method/support/ModelAndViewContainer;[Ljava/lang/Object;)V+4
j  org.springframework.web.servlet.mvc.method.annotation.ExceptionHandlerExceptionResolver.doResolveHandlerMethodException(Ljakarta/servlet/http/HttpServletRequest;Ljakarta/servlet/http/HttpServletResponse;Lorg/springframework/web/method/HandlerMethod;Ljava/lang/Exception;)Lorg/springframework/web/servlet/ModelAndView;+184
j  org.springframework.web.servlet.handler.AbstractHandlerMethodExceptionResolver.doResolveException(Ljakarta/servlet/http/HttpServletRequest;Ljakarta/servlet/http/HttpServletResponse;Ljava/lang/Object;Ljava/lang/Exception;)Lorg/springframework/web/servlet/ModelAndView;+28
j  org.springframework.web.servlet.handler.AbstractHandlerExceptionResolver.resolveException(Ljakarta/servlet/http/HttpServletRequest;Ljakarta/servlet/http/HttpServletResponse;Ljava/lang/Object;Ljava/lang/Exception;)Lorg/springframework/web/servlet/ModelAndView;+22
j  org.springframework.web.servlet.handler.HandlerExceptionResolverComposite.resolveException(Ljakarta/servlet/http/HttpServletRequest;Ljakarta/servlet/http/HttpServletResponse;Ljava/lang/Object;Ljava/lang/Exception;)Lorg/springframework/web/servlet/ModelAndView;+47
j  org.springframework.web.servlet.DispatcherServlet.processHandlerException(Ljakarta/servlet/http/HttpServletRequest;Ljakarta/servlet/http/HttpServletResponse;Ljava/lang/Object;Ljava/lang/Exception;)Lorg/springframework/web/servlet/ModelAndView;+70
j  org.springframework.web.servlet.DispatcherServlet.processDispatchResult(Ljakarta/servlet/http/HttpServletRequest;Ljakarta/servlet/http/HttpServletResponse;Lorg/springframework/web/servlet/HandlerExecutionChain;Lorg/springframework/web/servlet/ModelAndView;Ljava/lang/Exception;)V+68
j  org.springframework.web.servlet.DispatcherServlet.doDispatch(Ljakarta/servlet/http/HttpServletRequest;Ljakarta/servlet/http/HttpServletResponse;)V+425
j  org.springframework.web.servlet.DispatcherServlet.doService(Ljakarta/servlet/http/HttpServletRequest;Ljakarta/servlet/http/HttpServletResponse;)V+242
j  org.springframework.web.servlet.FrameworkServlet.processRequest(Ljakarta/servlet/http/HttpServletRequest;Ljakarta/servlet/http/HttpServletResponse;)V+70
j  org.springframework.web.servlet.FrameworkServlet.doPost(Ljakarta/servlet/http/HttpServletRequest;Ljakarta/servlet/http/HttpServletResponse;)V+3
j  jakarta.servlet.http.HttpServlet.service(Ljakarta/servlet/http/HttpServletRequest;Ljakarta/servlet/http/HttpServletResponse;)V+150
j  org.springframework.web.servlet.FrameworkServlet.service(Ljakarta/servlet/http/HttpServletRequest;Ljakarta/servlet/http/HttpServletResponse;)V+20
j  jakarta.servlet.http.HttpServlet.service(Ljakarta/servlet/ServletRequest;Ljakarta/servlet/ServletResponse;)V+37
j  org.apache.catalina.core.ApplicationFilterChain.internalDoFilter(Ljakarta/servlet/ServletRequest;Ljakarta/servlet/ServletResponse;)V+300
j  org.apache.catalina.core.ApplicationFilterChain.doFilter(Ljakarta/servlet/ServletRequest;Ljakarta/servlet/ServletResponse;)V+99
j  org.apache.tomcat.websocket.server.WsFilter.doFilter(Ljakarta/servlet/ServletRequest;Ljakarta/servlet/ServletResponse;Ljakarta/servlet/FilterChain;)V+21
j  org.apache.catalina.core.ApplicationFilterChain.internalDoFilter(Ljakarta/servlet/ServletRequest;Ljakarta/servlet/ServletResponse;)V+130
j  org.apache.catalina.core.ApplicationFilterChain.doFilter(Ljakarta/servlet/ServletRequest;Ljakarta/servlet/ServletResponse;)V+99
j  org.springframework.web.filter.RequestContextFilter.doFilterInternal(Ljakarta/servlet/http/HttpServletRequest;Ljakarta/servlet/http/HttpServletResponse;Ljakarta/servlet/FilterChain;)V+21
j  org.springframework.web.filter.OncePerRequestFilter.doFilter(Ljakarta/servlet/ServletRequest;Ljakarta/servlet/ServletResponse;Ljakarta/servlet/FilterChain;)V+150
j  org.apache.catalina.core.ApplicationFilterChain.internalDoFilter(Ljakarta/servlet/ServletRequest;Ljakarta/servlet/ServletResponse;)V+130
j  org.apache.catalina.core.ApplicationFilterChain.doFilter(Ljakarta/servlet/ServletRequest;Ljakarta/servlet/ServletResponse;)V+99
j  org.springframework.web.filter.FormContentFilter.doFilterInternal(Ljakarta/servlet/http/HttpServletRequest;Ljakarta/servlet/http/HttpServletResponse;Ljakarta/servlet/FilterChain;)V+38
j  org.springframework.web.filter.OncePerRequestFilter.doFilter(Ljakarta/servlet/ServletRequest;Ljakarta/servlet/ServletResponse;Ljakarta/servlet/FilterChain;)V+150
j  org.apache.catalina.core.ApplicationFilterChain.internalDoFilter(Ljakarta/servlet/ServletRequest;Ljakarta/servlet/ServletResponse;)V+130
j  org.apache.catalina.core.ApplicationFilterChain.doFilter(Ljakarta/servlet/ServletRequest;Ljakarta/servlet/ServletResponse;)V+99
j  org.springframework.web.filter.CharacterEncodingFilter.doFilterInternal(Ljakarta/servlet/http/HttpServletRequest;Ljakarta/servlet/http/HttpServletResponse;Ljakarta/servlet/FilterChain;)V+53
j  org.springframework.web.filter.OncePerRequestFilter.doFilter(Ljakarta/servlet/ServletRequest;Ljakarta/servlet/ServletResponse;Ljakarta/servlet/FilterChain;)V+150
j  org.apache.catalina.core.ApplicationFilterChain.internalDoFilter(Ljakarta/servlet/ServletRequest;Ljakarta/servlet/ServletResponse;)V+130
j  org.apache.catalina.core.ApplicationFilterChain.doFilter(Ljakarta/servlet/ServletRequest;Ljakarta/servlet/ServletResponse;)V+99
j  org.apache.catalina.core.StandardWrapperValve.invoke(Lorg/apache/catalina/connector/Request;Lorg/apache/catalina/connector/Response;)V+514
j  org.apache.catalina.core.StandardContextValve.invoke(Lorg/apache/catalina/connector/Request;Lorg/apache/catalina/connector/Response;)V+169
j  org.apache.catalina.authenticator.AuthenticatorBase.invoke(Lorg/apache/catalina/connector/Request;Lorg/apache/catalina/connector/Response;)V+221
j  org.apache.catalina.core.StandardHostValve.invoke(Lorg/apache/catalina/connector/Request;Lorg/apache/catalina/connector/Response;)V+131
j  org.apache.catalina.valves.ErrorReportValve.invoke(Lorg/apache/catalina/connector/Request;Lorg/apache/catalina/connector/Response;)V+6
j  org.apache.catalina.core.StandardEngineValve.invoke(Lorg/apache/catalina/connector/Request;Lorg/apache/catalina/connector/Response;)V+59
j  org.apache.catalina.connector.CoyoteAdapter.service(Lorg/apache/coyote/Request;Lorg/apache/coyote/Response;)V+188
j  org.apache.coyote.http11.Http11Processor.service(Lorg/apache/tomcat/util/net/SocketWrapperBase;)Lorg/apache/tomcat/util/net/AbstractEndpoint$Handler$SocketState;+796
j  org.apache.coyote.AbstractProcessorLight.process(Lorg/apache/tomcat/util/net/SocketWrapperBase;Lorg/apache/tomcat/util/net/SocketEvent;)Lorg/apache/tomcat/util/net/AbstractEndpoint$Handler$SocketState;+155
j  org.apache.coyote.AbstractProtocol$ConnectionHandler.process(Lorg/apache/tomcat/util/net/SocketWrapperBase;Lorg/apache/tomcat/util/net/SocketEvent;)Lorg/apache/tomcat/util/net/AbstractEndpoint$Handler$SocketState;+482
j  org.apache.tomcat.util.net.NioEndpoint$SocketProcessor.doRun()V+249
j  org.apache.tomcat.util.net.SocketProcessorBase.run()V+32
j  org.apache.tomcat.util.threads.ThreadPoolExecutor.runWorker(Lorg/apache/tomcat/util/threads/ThreadPoolExecutor$Worker;)V+92
j  org.apache.tomcat.util.threads.ThreadPoolExecutor$Worker.run()V+5
j  org.apache.tomcat.util.threads.TaskThread$WrappingRunnable.run()V+4
J 11553 c1 java.lang.Thread.run()V java.base@21.0.4 (23 bytes) @ 0x0000026d16467e5c [0x0000026d16467dc0+0x000000000000009c]
v  ~StubRoutines::call_stub 0x0000026d1522100d

siginfo: EXCEPTION_ACCESS_VIOLATION (0xc0000005), reading address 0x0000026f496f7f48


Registers:
RAX=0x0000026d1b530000, RBX=0x0000026d0ce47060, RCX=0x0000000000000032, RDX=0x0000000000000001
RSP=0x00000090887fe4d0, RBP=0x00000090887fe670, RSI=0x00000090887fe840, RDI=0x0000001170e3fa72
R8 =0x0000026f496f7f48, R9 =0x0000026d2b727f10, R10=0x0000026d15220000, R11=0x00000090887fe6e8
R12=0x0000026d2b5444a8, R13=0x0000026d70687780, R14=0x0000026d704d24c0, R15=0x0000000000000000
RIP=0x00007ffb2def714e, EFLAGS=0x0000000000010202


Register to memory mapping:

RAX=0x0000026d1b530000 points into unknown readable memory: 0x0000000000000000 | 00 00 00 00 00 00 00 00
RBX=0x0000026d0ce47060 points into unknown readable memory: 0x00007ffb2e5aee48 | 48 ee 5a 2e fb 7f 00 00
RCX=0x0000000000000032 is an unknown value
RDX=0x0000000000000001 is an unknown value
RSP=0x00000090887fe4d0 points into unknown readable memory: 0x00000090887fe5e0 | e0 e5 7f 88 90 00 00 00
RBP=0x00000090887fe670 points into unknown readable memory: 0x0000291af6691b55 | 55 1b 69 f6 1a 29 00 00
RSI=0x00000090887fe840 points into unknown readable memory: 0x000000908a1fd388 | 88 d3 1f 8a 90 00 00 00
RDI=0x0000001170e3fa72 is an unknown value
R8 =0x0000026f496f7f48 is an unknown value
R9 =0x0000026d2b727f10 is pointing into metadata
R10=0x0000026d15220000 points into unknown readable memory: 0x0000000000000006 | 06 00 00 00 00 00 00 00
R11=0x00000090887fe6e8 points into unknown readable memory: 0x00007ffb2def156d | 6d 15 ef 2d fb 7f 00 00
R12=0x0000026d2b5444a8 is pointing into metadata
R13=0x0000026d70687780 points into unknown readable memory: 0x0000000000000000 | 00 00 00 00 00 00 00 00
R14=0x0000026d704d24c0 points into unknown readable memory: 0x0000000000000002 | 02 00 00 00 00 00 00 00
R15=0x0 is null

Top of Stack: (sp=0x00000090887fe4d0)
0x00000090887fe4d0:   00000090887fe5e0 00007ffb2e322852
0x00000090887fe4e0:   00000005048b43f0 0000001a751c7d11
0x00000090887fe4f0:   0000026d78ccc860 00007ffb2df1e899
0x00000090887fe500:   000000908a1fd390 00007ffb2e322852
0x00000090887fe510:   0000000000000000 00000090887fe840
0x00000090887fe520:   0000000000000001 00007ffb2e297799
0x00000090887fe530:   0000026d78ccc860 00007ffb2df1e802
0x00000090887fe540:   00000090887fe600 000000908a1fd390
0x00000090887fe550:   0000026d2b480090 0000000000000000
0x00000090887fe560:   0000000000000001 00007ffb2def1b1b
0x00000090887fe570:   0000026d78ccce10 0000026d2b0b4d08
0x00000090887fe580:   0000026d78ccce10 0000026d78ccce10
0x00000090887fe590:   0000000a00000301 0000026d2b0b4d08
0x00000090887fe5a0:   0000026d7065a590 0000026d00000003
0x00000090887fe5b0:   00000000000003d8 0000026d70687790
0x00000090887fe5c0:   0000026d70687b68 0000026d2b72b84a
0x00000090887fe5d0:   0000026d000000b8 0000026d2b0b4d08
0x00000090887fe5e0:   0000026d16467db0 0000026d16467db0
0x00000090887fe5f0:   0000026d16467c10 0000026d16467f0f
0x00000090887fe600:   0000026d2b5444a8 0000001300000001
0x00000090887fe610:   0000000000000043 000000010000000c
0x00000090887fe620:   0000026d2b480090 0000000000000000
0x00000090887fe630:   0000026d16467dc0 0000026d16467ec0
0x00000090887fe640:   0000026d78ccc860 00007ffb2df1e899
0x00000090887fe650:   0000000504f86588 00007ffb2dd172e2
0x00000090887fe660:   00000000000003d8 0000026d70687b68
0x00000090887fe670:   0000291af6691b55 00000090887ffd20
0x00000090887fe680:   0000026d78ccc860 00007ffb2df1e802
0x00000090887fe690:   00000000000003d8 0000000504f86588
0x00000090887fe6a0:   0000291af6691b95 00000090887ffd20
0x00000090887fe6b0:   0000026d78ccce10 00000000000003d8
0x00000090887fe6c0:   0000026d70687b68 00000090887fe840 

Instructions: (pc=0x00007ffb2def714e)
0x00007ffb2def704e:   38 f0 4c 01 04 c8 48 c7 42 08 00 00 00 00 44 89
0x00007ffb2def705e:   12 49 ff 41 58 4c 01 5a 08 e9 4a ff ff ff 49 ff
0x00007ffb2def706e:   41 50 4c 01 5a 08 e9 3d ff ff ff cc cc cc cc cc
0x00007ffb2def707e:   cc cc 48 89 5c 24 08 57 48 83 ec 20 48 8b 01 48
0x00007ffb2def708e:   8b fa 48 8b d9 ff 50 08 4c 8b c8 48 85 c0 74 66
0x00007ffb2def709e:   4c 8b 40 10 4c 2b 00 48 c7 40 28 00 00 00 00 4c
0x00007ffb2def70ae:   89 43 18 48 8b 50 10 48 8b 48 08 48 8b c7 48 2b
0x00007ffb2def70be:   ca 48 c1 e9 03 48 3b cf 48 0f 42 c1 48 3b c7 72
0x00007ffb2def70ce:   1e 48 8d 04 c2 49 89 41 10 90 ff 43 10 48 8b c2
0x00007ffb2def70de:   4c 89 4b 08 48 8b 5c 24 30 48 83 c4 20 5f c3 33
0x00007ffb2def70ee:   d2 90 ff 43 10 8b c2 4c 89 4b 08 48 8b 5c 24 30
0x00007ffb2def70fe:   48 83 c4 20 5f c3 48 8b 5c 24 30 48 83 c4 20 5f
0x00007ffb2def710e:   c3 cc 48 89 5c 24 08 57 48 83 ec 20 48 8b 01 48
0x00007ffb2def711e:   8b fa 48 8b d9 ff 10 48 2b 7b 08 8b 4b 18 48 8b
0x00007ffb2def712e:   43 20 48 c1 ef 03 48 d3 ef 40 0f b6 cf 48 8b d7
0x00007ffb2def713e:   48 c1 ea 06 80 e1 3f 4c 8d 04 d0 ba 01 00 00 00
0x00007ffb2def714e:   49 8b 00 48 d3 e2 48 8b c8 48 0b ca 48 3b c8 74
0x00007ffb2def715e:   13 90 f0 49 0f b1 08 74 18 48 8b c8 48 0b ca 48
0x00007ffb2def716e:   3b c8 75 ee 32 c0 48 8b 5c 24 30 48 83 c4 20 5f
0x00007ffb2def717e:   c3 48 8b 5c 24 30 b0 01 48 83 c4 20 5f c3 cc cc
0x00007ffb2def718e:   cc cc 48 89 5c 24 08 57 48 83 ec 20 4c 8b 41 30
0x00007ffb2def719e:   48 8b da 48 8b f9 45 8b 88 80 00 00 00 41 8b 80
0x00007ffb2def71ae:   00 01 00 00 41 8b d1 2b d0 81 e2 ff ff 01 00 81
0x00007ffb2def71be:   fa fe ff 01 00 73 26 49 8b 80 80 01 00 00 4a 89
0x00007ffb2def71ce:   1c c8 41 8d 41 01 25 ff ff 01 00 41 89 80 80 00
0x00007ffb2def71de:   00 00 48 8b 5c 24 30 48 83 c4 20 5f c3 e8 90 af
0x00007ffb2def71ee:   01 00 48 8b 57 30 44 8b 82 80 00 00 00 8b 82 00
0x00007ffb2def71fe:   01 00 00 41 8b c8 2b c8 81 e1 ff ff 01 00 81 f9
0x00007ffb2def720e:   fe ff 01 00 73 1a 48 8b 82 80 01 00 00 4a 89 1c
0x00007ffb2def721e:   c0 41 8d 40 01 25 ff ff 01 00 89 82 80 00 00 00
0x00007ffb2def722e:   48 8b 5c 24 30 48 83 c4 20 5f c3 cc cc cc cc cc
0x00007ffb2def723e:   cc cc 48 89 5c 24 08 57 48 83 ec 20 48 8b 79 08 


Stack slot to memory mapping:

stack at sp + 0 slots: 0x00000090887fe5e0 points into unknown readable memory: 0x0000026d16467db0 | b0 7d 46 16 6d 02 00 00
stack at sp + 1 slots: 0x00007ffb2e322852 jvm.dll
stack at sp + 2 slots: 0x00000005048b43f0 is an oop: java.util.concurrent.ThreadPoolExecutor$Worker 
{0x00000005048b43f0} - klass: 'java/util/concurrent/ThreadPoolExecutor$Worker'
 - ---- fields (total size 6 words):
 - private transient 'exclusiveOwnerThread' 'Ljava/lang/Thread;' @12  null (0x00000000)
 - private volatile 'state' 'I' @16  0 (0x00000000)
 - private volatile transient 'head' 'Ljava/util/concurrent/locks/AbstractQueuedSynchronizer$Node;' @20  null (0x00000000)
 - private volatile transient 'tail' 'Ljava/util/concurrent/locks/AbstractQueuedSynchronizer$Node;' @24  null (0x00000000)
 - final 'thread' 'Ljava/lang/Thread;' @28  a 'java/lang/Thread'{0x00000005048b42e0} (0xa091685c)
 - volatile 'completedTasks' 'J' @32  11109 (0x0000000000002b65)
 - 'firstTask' 'Ljava/lang/Runnable;' @40  null (0x00000000)
 - final synthetic 'this$0' 'Ljava/util/concurrent/ThreadPoolExecutor;' @44  a 'java/util/concurrent/ScheduledThreadPoolExecutor'{0x00000005048b43a0} (0xa0916874)
stack at sp + 3 slots: 0x0000001a751c7d11 is an unknown value
stack at sp + 4 slots: 0x0000026d78ccc860 points into unknown readable memory: 0x00000090873ff580 | 80 f5 3f 87 90 00 00 00
stack at sp + 5 slots: 0x00007ffb2df1e899 jvm.dll
stack at sp + 6 slots: 0x000000908a1fd390 is pointing into the stack for thread: 0x0000026d70d86bc0
stack at sp + 7 slots: 0x00007ffb2e322852 jvm.dll


---------------  P R O C E S S  ---------------

Threads class SMR info:
_java_thread_list=0x0000026d72b0bbb0, length=22, elements={
0x0000026d2a1a8820, 0x0000026d2a1ab290, 0x0000026d2a1ae660, 0x0000026d2a1b1450,
0x0000026d2a1b3ff0, 0x0000026d2a1b7b00, 0x0000026d2a1cbae0, 0x0000026d2a1baf80,
0x0000026d2a349950, 0x0000026d2a354de0, 0x0000026d2a356090, 0x0000026d2a1ba8f0,
0x0000026d2a1b8190, 0x0000026d2a1b8820, 0x0000026d2a1b9bd0, 0x0000026d70d88c90,
0x0000026d70d899b0, 0x0000026d70d85810, 0x0000026d71137dd0, 0x0000026d71139180,
0x0000026d70d86bc0, 0x0000026d2a1ba260
}

Java Threads: ( => current thread )
  0x0000026d2a1a8820 JavaThread "Reference Handler"          daemon [_thread_blocked, id=5516, stack(0x0000009087400000,0x0000009087500000) (1024K)]
  0x0000026d2a1ab290 JavaThread "Finalizer"                  daemon [_thread_blocked, id=1596, stack(0x0000009087500000,0x0000009087600000) (1024K)]
  0x0000026d2a1ae660 JavaThread "Signal Dispatcher"          daemon [_thread_blocked, id=5304, stack(0x0000009087600000,0x0000009087700000) (1024K)]
  0x0000026d2a1b1450 JavaThread "Attach Listener"            daemon [_thread_blocked, id=4036, stack(0x0000009087700000,0x0000009087800000) (1024K)]
  0x0000026d2a1b3ff0 JavaThread "Service Thread"             daemon [_thread_blocked, id=2308, stack(0x0000009087800000,0x0000009087900000) (1024K)]
  0x0000026d2a1b7b00 JavaThread "Monitor Deflation Thread"   daemon [_thread_blocked, id=5684, stack(0x0000009087900000,0x0000009087a00000) (1024K)]
  0x0000026d2a1cbae0 JavaThread "C1 CompilerThread0"         daemon [_thread_blocked, id=4560, stack(0x0000009087a00000,0x0000009087b00000) (1024K)]
  0x0000026d2a1baf80 JavaThread "Common-Cleaner"             daemon [_thread_blocked, id=7120, stack(0x0000009087b00000,0x0000009087c00000) (1024K)]
  0x0000026d2a349950 JavaThread "JDWP Transport Listener: dt_socket" daemon [_thread_blocked, id=316, stack(0x0000009087e00000,0x0000009087f00000) (1024K)]
  0x0000026d2a354de0 JavaThread "JDWP Event Helper Thread"   daemon [_thread_blocked, id=13492, stack(0x0000009087f00000,0x0000009088000000) (1024K)]
  0x0000026d2a356090 JavaThread "JDWP Command Reader"        daemon [_thread_in_native, id=3272, stack(0x0000009088000000,0x0000009088100000) (1024K)]
  0x0000026d2a1ba8f0 JavaThread "Notification Thread"        daemon [_thread_blocked, id=6660, stack(0x0000009088100000,0x0000009088200000) (1024K)]
  0x0000026d2a1b8190 JavaThread "RMI TCP Accept-0"           daemon [_thread_in_native, id=4668, stack(0x0000009088200000,0x0000009088300000) (1024K)]
  0x0000026d2a1b8820 JavaThread "RMI TCP Accept-52682"       daemon [_thread_in_native, id=8020, stack(0x0000009088300000,0x0000009088400000) (1024K)]
  0x0000026d2a1b9bd0 JavaThread "RMI TCP Accept-0"           daemon [_thread_in_native, id=7868, stack(0x0000009088400000,0x0000009088500000) (1024K)]
  0x0000026d70d88c90 JavaThread "RMI Scheduler(0)"           daemon [_thread_blocked, id=3000, stack(0x0000009089100000,0x0000009089200000) (1024K)]
  0x0000026d70d899b0 JavaThread "JMX server connection timeout 43" daemon [_thread_blocked, id=2196, stack(0x0000009089300000,0x0000009089400000) (1024K)]
  0x0000026d70d85810 JavaThread "spectator-gauge-polling-0"  daemon [_thread_blocked, id=2316, stack(0x0000009089400000,0x0000009089500000) (1024K)]
  0x0000026d71137dd0 JavaThread "DestroyJavaVM"                     [_thread_blocked, id=4796, stack(0x0000009086c00000,0x0000009086d00000) (1024K)]
  0x0000026d71139180 JavaThread "RMI TCP Connection(idle)"   daemon [_thread_blocked, id=5172, stack(0x000000908aa00000,0x000000908ab00000) (1024K)]
  0x0000026d70d86bc0 JavaThread "http-nio-8300-exec-5"       daemon [_thread_blocked, id=14128, stack(0x000000908a100000,0x000000908a200000) (1024K)]
  0x0000026d2a1ba260 JavaThread "Thread-116"                        [_thread_blocked, id=10168, stack(0x0000009086b00000,0x0000009086c00000) (1024K)]
Total: 22

Other Threads:
  0x0000026d2a18ab50 VMThread "VM Thread"                           [id=6912, stack(0x0000009087300000,0x0000009087400000) (1024K)]
  0x0000026d276d0600 WatcherThread "VM Periodic Task Thread"        [id=9404, stack(0x0000009087200000,0x0000009087300000) (1024K)]
  0x0000026d27510a10 WorkerThread "GC Thread#0"                     [id=9612, stack(0x0000009086d00000,0x0000009086e00000) (1024K)]
  0x0000026d706753a0 WorkerThread "GC Thread#1"                     [id=4352, stack(0x0000009088500000,0x0000009088600000) (1024K)]
  0x0000026d70675740 WorkerThread "GC Thread#2"                     [id=18156, stack(0x0000009088600000,0x0000009088700000) (1024K)]
=>0x0000026d7065a590 WorkerThread "GC Thread#3"                     [id=18892, stack(0x0000009088700000,0x0000009088800000) (1024K)]
  0x0000026d7065a930 WorkerThread "GC Thread#4"                     [id=18556, stack(0x0000009088800000,0x0000009088900000) (1024K)]
  0x0000026d706a2460 WorkerThread "GC Thread#5"                     [id=4740, stack(0x0000009088900000,0x0000009088a00000) (1024K)]
  0x0000026d706a2800 WorkerThread "GC Thread#6"                     [id=9332, stack(0x0000009088a00000,0x0000009088b00000) (1024K)]
  0x0000026d706a2ba0 WorkerThread "GC Thread#7"                     [id=1880, stack(0x0000009088b00000,0x0000009088c00000) (1024K)]
  0x0000026d706aaf50 WorkerThread "GC Thread#8"                     [id=3232, stack(0x0000009088c00000,0x0000009088d00000) (1024K)]
  0x0000026d706ae1d0 WorkerThread "GC Thread#9"                     [id=2948, stack(0x0000009088d00000,0x0000009088e00000) (1024K)]
  0x0000026d0ce53880 ConcurrentGCThread "G1 Main Marker"            [id=10504, stack(0x0000009086e00000,0x0000009086f00000) (1024K)]
  0x0000026d0ce55380 WorkerThread "G1 Conc#0"                       [id=2260, stack(0x0000009086f00000,0x0000009087000000) (1024K)]
  0x0000026d706ad350 WorkerThread "G1 Conc#1"                       [id=6900, stack(0x0000009089700000,0x0000009089800000) (1024K)]
  0x0000026d706ad6f0 WorkerThread "G1 Conc#2"                       [id=9852, stack(0x0000009089800000,0x0000009089900000) (1024K)]
  0x0000026d275a14c0 ConcurrentGCThread "G1 Refine#0"               [id=14948, stack(0x0000009087000000,0x0000009087100000) (1024K)]
  0x0000026d275a3cf0 ConcurrentGCThread "G1 Service"                [id=16192, stack(0x0000009087100000,0x0000009087200000) (1024K)]
Total: 18

Threads with active compile tasks:
C1 CompilerThread0  4839148 15055       1       java.text.MessageFormat::applyPattern (422 bytes)
Total: 1

VM state: at safepoint (normal execution)

VM Mutex/Monitor currently owned by a thread:  ([mutex/lock_event])
[0x00007ffb2e817e98] Threads_lock - owner thread: 0x0000026d2a18ab50
[0x00007ffb2e817f98] Heap_lock - owner thread: 0x0000026d2a1ba260

Heap address: 0x0000000503000000, size: 12240 MB, Compressed Oops mode: Zero based, Oop shift amount: 3

CDS archive(s) mapped at: [0x0000026d2b000000-0x0000026d2bc90000-0x0000026d2bc90000), size 13172736, SharedBaseAddress: 0x0000026d2b000000, ArchiveRelocationMode: 1.
Compressed class space mapped at: 0x0000026d2c000000-0x0000026d6c000000, reserved size: 1073741824
Narrow klass base: 0x0000026d2b000000, Narrow klass shift: 0, Narrow klass range: 0x100000000

GC Precious Log:
 CardTable entry size: 512
 Card Set container configuration: InlinePtr #cards 4 size 8 Array Of Cards #cards 64 size 144 Howl #buckets 8 coarsen threshold 14745 Howl Bitmap #cards 2048 size 272 coarsen threshold 1843 Card regions per heap region 1 cards per card region 16384
 CPUs: 12 total, 12 available
 Memory: 48947M
 Large Page Support: Disabled
 NUMA Support: Disabled
 Compressed Oops: Enabled (Zero based)
 Heap Region Size: 8M
 Heap Min Capacity: 8M
 Heap Initial Capacity: 768M
 Heap Max Capacity: 12240M
 Pre-touch: Disabled
 Parallel Workers: 10
 Concurrent Workers: 3
 Concurrent Refinement Workers: 10
 Periodic GC: Disabled

Heap:
 garbage-first heap   total 139264K, used 76464K [0x0000000503000000, 0x0000000800000000)
  region size 8192K, 6 young (49152K), 1 survivors (8192K)
 Metaspace       used 85042K, committed 85952K, reserved 1179648K
  class space    used 11590K, committed 12032K, reserved 1048576K

Heap Regions: E=young(eden), S=young(survivor), O=old, HS=humongous(starts), HC=humongous(continues), CS=collection set, F=free, TAMS=top-at-mark-start, PB=parsable bottom
|   0|0x0000000503000000, 0x0000000503800000, 0x0000000503800000|100%| O|  |TAMS 0x0000000503000000| PB 0x0000000503000000| Untracked 
|   1|0x0000000503800000, 0x0000000503ffffe8, 0x0000000504000000| 99%| O|  |TAMS 0x0000000503800000| PB 0x0000000503800000| Untracked 
|   2|0x0000000504000000, 0x0000000504800000, 0x0000000504800000|100%| O|  |TAMS 0x0000000504000000| PB 0x0000000504000000| Untracked 
|   3|0x0000000504800000, 0x0000000505000000, 0x0000000505000000|100%| O|  |TAMS 0x0000000504800000| PB 0x0000000504800000| Untracked 
|   4|0x0000000505000000, 0x00000005052a4528, 0x0000000505800000| 33%| O|  |TAMS 0x0000000505000000| PB 0x0000000505000000| Untracked 
|   5|0x0000000505800000, 0x0000000505800000, 0x0000000506000000|  0%| F|  |TAMS 0x0000000505800000| PB 0x0000000505800000| Untracked 
|   6|0x0000000506000000, 0x0000000506624598, 0x0000000506800000| 76%| S|  |TAMS 0x0000000506000000| PB 0x0000000506000000| Complete 
|   7|0x0000000506800000, 0x0000000506800000, 0x0000000507000000|  0%| F|  |TAMS 0x0000000506800000| PB 0x0000000506800000| Untracked 
|   8|0x0000000507000000, 0x0000000507000000, 0x0000000507800000|  0%| F|  |TAMS 0x0000000507000000| PB 0x0000000507000000| Untracked 
|   9|0x0000000507800000, 0x0000000507800000, 0x0000000508000000|  0%| F|  |TAMS 0x0000000507800000| PB 0x0000000507800000| Untracked 
|  10|0x0000000508000000, 0x0000000508000000, 0x0000000508800000|  0%| F|  |TAMS 0x0000000508000000| PB 0x0000000508000000| Untracked 
|  11|0x0000000508800000, 0x0000000508800000, 0x0000000509000000|  0%| F|  |TAMS 0x0000000508800000| PB 0x0000000508800000| Untracked 
|  12|0x0000000509000000, 0x00000005091e35c0, 0x0000000509800000| 23%| E|  |TAMS 0x0000000509000000| PB 0x0000000509000000| Complete 
|  13|0x0000000509800000, 0x000000050a000000, 0x000000050a000000|100%| E|  |TAMS 0x0000000509800000| PB 0x0000000509800000| Complete 
|  14|0x000000050a000000, 0x000000050a800000, 0x000000050a800000|100%| E|  |TAMS 0x000000050a000000| PB 0x000000050a000000| Complete 
|  15|0x000000050a800000, 0x000000050b000000, 0x000000050b000000|100%| E|  |TAMS 0x000000050a800000| PB 0x000000050a800000| Complete 
|  16|0x000000050b000000, 0x000000050b800000, 0x000000050b800000|100%| E|  |TAMS 0x000000050b000000| PB 0x000000050b000000| Complete 

Card table byte_map: [0x0000026d19d40000,0x0000026d1b530000] _byte_map_base: 0x0000026d17528000

Marking Bits: (CMBitMap*) 0x0000026d0ce47060
 Bits: [0x0000026d1b530000, 0x0000026d27470000)

Polling page: 0x0000026d0ad90000

Metaspace:

Usage:
  Non-class:     71.73 MB used.
      Class:     11.32 MB used.
       Both:     83.05 MB used.

Virtual space:
  Non-class space:      128.00 MB reserved,      72.19 MB ( 56%) committed,  2 nodes.
      Class space:        1.00 GB reserved,      11.75 MB (  1%) committed,  1 nodes.
             Both:        1.12 GB reserved,      83.94 MB (  7%) committed. 

Chunk freelists:
   Non-Class:  7.84 MB
       Class:  4.23 MB
        Both:  12.07 MB

MaxMetaspaceSize: unlimited
CompressedClassSpaceSize: 1.00 GB
Initial GC threshold: 21.00 MB
Current GC threshold: 139.19 MB
CDS: on
 - commit_granule_bytes: 65536.
 - commit_granule_words: 8192.
 - virtual_space_node_default_size: 8388608.
 - enlarge_chunks_in_place: 1.
 - use_allocation_guard: 0.


Internal statistics:

num_allocs_failed_limit: 9.
num_arena_births: 1932.
num_arena_deaths: 958.
num_vsnodes_births: 3.
num_vsnodes_deaths: 0.
num_space_committed: 1343.
num_space_uncommitted: 0.
num_chunks_returned_to_freelist: 1208.
num_chunks_taken_from_freelist: 5598.
num_chunk_merges: 210.
num_chunk_splits: 3353.
num_chunks_enlarged: 2556.
num_inconsistent_stats: 0.

CodeCache: size=49152Kb used=22147Kb max_used=23160Kb free=27004Kb
 bounds [0x0000026d15220000, 0x0000026d168c0000, 0x0000026d18220000]
 total_blobs=11447 nmethods=10705 adapters=664
 compilation: enabled
              stopped_count=0, restarted_count=0
 full_count=0

Compilation events (20 events):
Event: 4758.272 Thread 0x0000026d2a1cbae0 15046       1       org.apache.coyote.Request::getAttribute (9 bytes)
Event: 4758.272 Thread 0x0000026d2a1cbae0 nmethod 15046 0x0000026d167d5d90 code [0x0000026d167d5f20, 0x0000026d167d6030]
Event: 4758.272 Thread 0x0000026d2a1cbae0 15047       1       org.hibernate.boot.internal.SessionFactoryOptionsBuilder::getPhysicalConnectionHandlingMode (5 bytes)
Event: 4758.272 Thread 0x0000026d2a1cbae0 nmethod 15047 0x0000026d167d5a90 code [0x0000026d167d5c20, 0x0000026d167d5cf0]
Event: 4758.272 Thread 0x0000026d2a1cbae0 15048       1       org.hibernate.boot.internal.SessionFactoryOptionsBuilder::isAutoCloseSessionEnabled (5 bytes)
Event: 4758.272 Thread 0x0000026d2a1cbae0 nmethod 15048 0x0000026d167d5790 code [0x0000026d167d5920, 0x0000026d167d59f0]
Event: 4758.272 Thread 0x0000026d2a1cbae0 15049       1       org.hibernate.boot.internal.SessionFactoryOptionsBuilder::getJdbcTimeZone (5 bytes)
Event: 4758.272 Thread 0x0000026d781e4020 nmethod 15044 0x0000026d167d5010 code [0x0000026d167d51e0, 0x0000026d167d5608]
Event: 4758.272 Thread 0x0000026d781e4020 15050       1       org.springframework.orm.jpa.AbstractEntityManagerFactoryBean::getBeanClassLoader (5 bytes)
Event: 4758.272 Thread 0x0000026d2a1cbae0 nmethod 15049 0x0000026d167d4d10 code [0x0000026d167d4ea0, 0x0000026d167d4f70]
Event: 4758.272 Thread 0x0000026d781e4020 nmethod 15050 0x0000026d167d4a10 code [0x0000026d167d4ba0, 0x0000026d167d4c70]
Event: 4828.985 Thread 0x0000026d2a1cbae0 15051       1       org.springframework.context.support.DefaultLifecycleProcessor::getBeanFactory (21 bytes)
Event: 4828.985 Thread 0x0000026d2a1cbae0 nmethod 15051 0x0000026d167d4610 code [0x0000026d167d47c0, 0x0000026d167d4958]
Event: 4833.990 Thread 0x0000026d2a1cbae0 15052       1       org.h2.mvstore.tx.TransactionMap::getSnapshot (19 bytes)
Event: 4833.990 Thread 0x0000026d2a1cbae0 nmethod 15052 0x0000026d167d4210 code [0x0000026d167d43c0, 0x0000026d167d4530]
Event: 4834.862 Thread 0x0000026d2a1cbae0 15053       1       org.springframework.web.util.UriComponents::expandUriComponent (152 bytes)
Event: 4834.863 Thread 0x0000026d2a1cbae0 nmethod 15053 0x0000026d167d3290 code [0x0000026d167d3560, 0x0000026d167d3c88]
Event: 4839.105 Thread 0x0000026d2a1cbae0 15054       1       org.apache.catalina.core.StandardContext::getIgnoreAnnotations (5 bytes)
Event: 4839.106 Thread 0x0000026d2a1cbae0 nmethod 15054 0x0000026d167d2f90 code [0x0000026d167d3120, 0x0000026d167d31f0]
Event: 4839.107 Thread 0x0000026d2a1cbae0 15055       1       java.text.MessageFormat::applyPattern (422 bytes)

GC Heap History (20 events):
Event: 4402.965 GC heap after
{Heap after GC invocations=50 (full 15):
 garbage-first heap   total 139264K, used 34389K [0x0000000503000000, 0x0000000800000000)
  region size 8192K, 0 young (0K), 0 survivors (0K)
 Metaspace       used 83105K, committed 83904K, reserved 1179648K
  class space    used 11352K, committed 11712K, reserved 1048576K
}
Event: 4404.565 GC heap before
{Heap before GC invocations=50 (full 15):
 garbage-first heap   total 139264K, used 116309K [0x0000000503000000, 0x0000000800000000)
  region size 8192K, 10 young (81920K), 0 survivors (0K)
 Metaspace       used 83393K, committed 84224K, reserved 1179648K
  class space    used 11375K, committed 11776K, reserved 1048576K
}
Event: 4404.567 GC heap after
{Heap after GC invocations=51 (full 15):
 garbage-first heap   total 139264K, used 40722K [0x0000000503000000, 0x0000000800000000)
  region size 8192K, 1 young (8192K), 1 survivors (8192K)
 Metaspace       used 83393K, committed 84224K, reserved 1179648K
  class space    used 11375K, committed 11776K, reserved 1048576K
}
Event: 4600.143 GC heap before
{Heap before GC invocations=51 (full 15):
 garbage-first heap   total 139264K, used 73490K [0x0000000503000000, 0x0000000800000000)
  region size 8192K, 6 young (49152K), 1 survivors (8192K)
 Metaspace       used 83407K, committed 84224K, reserved 1179648K
  class space    used 11376K, committed 11776K, reserved 1048576K
}
Event: 4600.232 GC heap after
{Heap after GC invocations=52 (full 16):
 garbage-first heap   total 139264K, used 34279K [0x0000000503000000, 0x0000000800000000)
  region size 8192K, 0 young (0K), 0 survivors (0K)
 Metaspace       used 83387K, committed 84224K, reserved 1179648K
  class space    used 11372K, committed 11776K, reserved 1048576K
}
Event: 4601.826 GC heap before
{Heap before GC invocations=52 (full 16):
 garbage-first heap   total 139264K, used 116199K [0x0000000503000000, 0x0000000800000000)
  region size 8192K, 10 young (81920K), 0 survivors (0K)
 Metaspace       used 83953K, committed 84800K, reserved 1179648K
  class space    used 11489K, committed 11904K, reserved 1048576K
}
Event: 4601.828 GC heap after
{Heap after GC invocations=53 (full 16):
 garbage-first heap   total 139264K, used 40690K [0x0000000503000000, 0x0000000800000000)
  region size 8192K, 1 young (8192K), 1 survivors (8192K)
 Metaspace       used 83953K, committed 84800K, reserved 1179648K
  class space    used 11489K, committed 11904K, reserved 1048576K
}
Event: 4609.358 GC heap before
{Heap before GC invocations=53 (full 16):
 garbage-first heap   total 139264K, used 73458K [0x0000000503000000, 0x0000000800000000)
  region size 8192K, 6 young (49152K), 1 survivors (8192K)
 Metaspace       used 84065K, committed 84864K, reserved 1179648K
  class space    used 11498K, committed 11904K, reserved 1048576K
}
Event: 4609.448 GC heap after
{Heap after GC invocations=54 (full 17):
 garbage-first heap   total 139264K, used 34841K [0x0000000503000000, 0x0000000800000000)
  region size 8192K, 0 young (0K), 0 survivors (0K)
 Metaspace       used 84053K, committed 84864K, reserved 1179648K
  class space    used 11495K, committed 11904K, reserved 1048576K
}
Event: 4611.044 GC heap before
{Heap before GC invocations=54 (full 17):
 garbage-first heap   total 139264K, used 116761K [0x0000000503000000, 0x0000000800000000)
  region size 8192K, 10 young (81920K), 0 survivors (0K)
 Metaspace       used 84339K, committed 85120K, reserved 1179648K
  class space    used 11517K, committed 11904K, reserved 1048576K
}
Event: 4611.047 GC heap after
{Heap after GC invocations=55 (full 17):
 garbage-first heap   total 139264K, used 41043K [0x0000000503000000, 0x0000000800000000)
  region size 8192K, 1 young (8192K), 1 survivors (8192K)
 Metaspace       used 84339K, committed 85120K, reserved 1179648K
  class space    used 11517K, committed 11904K, reserved 1048576K
}
Event: 4647.698 GC heap before
{Heap before GC invocations=55 (full 17):
 garbage-first heap   total 139264K, used 65619K [0x0000000503000000, 0x0000000800000000)
  region size 8192K, 5 young (40960K), 1 survivors (8192K)
 Metaspace       used 84354K, committed 85184K, reserved 1179648K
  class space    used 11520K, committed 11904K, reserved 1048576K
}
Event: 4647.787 GC heap after
{Heap after GC invocations=56 (full 18):
 garbage-first heap   total 139264K, used 35023K [0x0000000503000000, 0x0000000800000000)
  region size 8192K, 0 young (0K), 0 survivors (0K)
 Metaspace       used 84351K, committed 85184K, reserved 1179648K
  class space    used 11520K, committed 11904K, reserved 1048576K
}
Event: 4649.405 GC heap before
{Heap before GC invocations=56 (full 18):
 garbage-first heap   total 139264K, used 116943K [0x0000000503000000, 0x0000000800000000)
  region size 8192K, 10 young (81920K), 0 survivors (0K)
 Metaspace       used 84639K, committed 85504K, reserved 1179648K
  class space    used 11541K, committed 11968K, reserved 1048576K
}
Event: 4649.407 GC heap after
{Heap after GC invocations=57 (full 18):
 garbage-first heap   total 139264K, used 41266K [0x0000000503000000, 0x0000000800000000)
  region size 8192K, 1 young (8192K), 1 survivors (8192K)
 Metaspace       used 84639K, committed 85504K, reserved 1179648K
  class space    used 11541K, committed 11968K, reserved 1048576K
}
Event: 4681.032 GC heap before
{Heap before GC invocations=57 (full 18):
 garbage-first heap   total 139264K, used 65842K [0x0000000503000000, 0x0000000800000000)
  region size 8192K, 5 young (40960K), 1 survivors (8192K)
 Metaspace       used 84667K, committed 85504K, reserved 1179648K
  class space    used 11545K, committed 11968K, reserved 1048576K
}
Event: 4681.119 GC heap after
{Heap after GC invocations=58 (full 19):
 garbage-first heap   total 139264K, used 35473K [0x0000000503000000, 0x0000000800000000)
  region size 8192K, 0 young (0K), 0 survivors (0K)
 Metaspace       used 84665K, committed 85504K, reserved 1179648K
  class space    used 11544K, committed 11968K, reserved 1048576K
}
Event: 4682.713 GC heap before
{Heap before GC invocations=58 (full 19):
 garbage-first heap   total 139264K, used 117393K [0x0000000503000000, 0x0000000800000000)
  region size 8192K, 10 young (81920K), 0 survivors (0K)
 Metaspace       used 84952K, committed 85824K, reserved 1179648K
  class space    used 11565K, committed 11968K, reserved 1048576K
}
Event: 4682.716 GC heap after
{Heap after GC invocations=59 (full 19):
 garbage-first heap   total 139264K, used 41762K [0x0000000503000000, 0x0000000800000000)
  region size 8192K, 1 young (8192K), 1 survivors (8192K)
 Metaspace       used 84952K, committed 85824K, reserved 1179648K
  class space    used 11565K, committed 11968K, reserved 1048576K
}
Event: 4839.107 GC heap before
{Heap before GC invocations=59 (full 19):
 garbage-first heap   total 139264K, used 74530K [0x0000000503000000, 0x0000000800000000)
  region size 8192K, 6 young (49152K), 1 survivors (8192K)
 Metaspace       used 85042K, committed 85952K, reserved 1179648K
  class space    used 11590K, committed 12032K, reserved 1048576K
}

Dll operation events (12 events):
Event: 0.006 Loaded shared library C:\Program Files\Java\jdk-21.0.4\bin\java.dll
Event: 0.207 Loaded shared library C:\Program Files\Java\jdk-21.0.4\bin\zip.dll
Event: 0.209 Loaded shared library C:\Program Files\Java\jdk-21.0.4\bin\instrument.dll
Event: 0.212 Loaded shared library C:\Program Files\Java\jdk-21.0.4\bin\net.dll
Event: 0.213 Loaded shared library C:\Program Files\Java\jdk-21.0.4\bin\nio.dll
Event: 0.215 Loaded shared library C:\Program Files\Java\jdk-21.0.4\bin\zip.dll
Event: 0.352 Loaded shared library C:\Program Files\Java\jdk-21.0.4\bin\jimage.dll
Event: 0.383 Loaded shared library C:\Program Files\Java\jdk-21.0.4\bin\management.dll
Event: 0.389 Loaded shared library C:\Program Files\Java\jdk-21.0.4\bin\management_ext.dll
Event: 0.524 Loaded shared library C:\Program Files\Java\jdk-21.0.4\bin\extnet.dll
Event: 0.540 Loaded shared library C:\Program Files\Java\jdk-21.0.4\bin\verify.dll
Event: 2.343 Loaded shared library C:\Program Files\Java\jdk-21.0.4\bin\sunmscapi.dll

Deoptimization events (20 events):
Event: 4839.107 Thread 0x0000026d2a1ba260 DEOPT PACKING pc=0x0000026d15a0dbac sp=0x0000009086bfc200
Event: 4839.107 Thread 0x0000026d2a1ba260 DEOPT UNPACKING pc=0x0000026d15274e42 sp=0x0000009086bfb7c0 mode 1
Event: 4839.107 Thread 0x0000026d7113bf70 DEOPT PACKING pc=0x0000026d158a6c0c sp=0x0000009088efec00
Event: 4839.107 Thread 0x0000026d7113bf70 DEOPT UNPACKING pc=0x0000026d15274e42 sp=0x0000009088efe190 mode 1
Event: 4839.107 Thread 0x0000026d7113bf70 DEOPT PACKING pc=0x0000026d158b64fc sp=0x0000009088efed90
Event: 4839.107 Thread 0x0000026d7113bf70 DEOPT UNPACKING pc=0x0000026d15274e42 sp=0x0000009088efe2e8 mode 1
Event: 4839.107 Thread 0x0000026d7113abc0 DEOPT PACKING pc=0x0000026d158a0bb4 sp=0x0000009088fff3c0
Event: 4839.107 Thread 0x0000026d7113bf70 DEOPT PACKING pc=0x0000026d158b5d6c sp=0x0000009088efeec0
Event: 4839.107 Thread 0x0000026d7113abc0 DEOPT UNPACKING pc=0x0000026d15274e42 sp=0x0000009088ffe8a8 mode 1
Event: 4839.107 Thread 0x0000026d7113bf70 DEOPT UNPACKING pc=0x0000026d15274e42 sp=0x0000009088efe350 mode 1
Event: 4839.107 Thread 0x0000026d7113bf70 DEOPT PACKING pc=0x0000026d158b9efc sp=0x0000009088efeef0
Event: 4839.107 Thread 0x0000026d7113b8e0 DEOPT PACKING pc=0x0000026d15f32e4c sp=0x0000009087dfecd0
Event: 4839.107 Thread 0x0000026d7113bf70 DEOPT UNPACKING pc=0x0000026d15274e42 sp=0x0000009088efe3e8 mode 1
Event: 4839.107 Thread 0x0000026d7113b8e0 DEOPT UNPACKING pc=0x0000026d15274e42 sp=0x0000009087dfe270 mode 1
Event: 4839.107 Thread 0x0000026d7113b8e0 DEOPT PACKING pc=0x0000026d158b644c sp=0x0000009087dfee40
Event: 4839.107 Thread 0x0000026d7113b8e0 DEOPT UNPACKING pc=0x0000026d15274e42 sp=0x0000009087dfe398 mode 1
Event: 4839.107 Thread 0x0000026d7113b8e0 DEOPT PACKING pc=0x0000026d158b5d6c sp=0x0000009087dfef70
Event: 4839.107 Thread 0x0000026d7113b8e0 DEOPT UNPACKING pc=0x0000026d15274e42 sp=0x0000009087dfe400 mode 1
Event: 4839.107 Thread 0x0000026d7113b8e0 DEOPT PACKING pc=0x0000026d158b9efc sp=0x0000009087dfefa0
Event: 4839.107 Thread 0x0000026d7113b8e0 DEOPT UNPACKING pc=0x0000026d15274e42 sp=0x0000009087dfe498 mode 1

Classes loaded (20 events):
Event: 340.260 Loading class java/lang/ref/Finalizer$1
Event: 340.260 Loading class java/lang/ref/Finalizer$1 done
Event: 341.676 Loading class java/util/WeakHashMap$EntrySet
Event: 341.677 Loading class java/util/WeakHashMap$EntrySet done
Event: 341.677 Loading class java/util/WeakHashMap$EntryIterator
Event: 341.677 Loading class java/util/WeakHashMap$EntryIterator done
Event: 685.248 Loading class java/util/concurrent/locks/ReentrantReadWriteLock$Sync$HoldCounter
Event: 685.248 Loading class java/util/concurrent/locks/ReentrantReadWriteLock$Sync$HoldCounter done
Event: 4601.738 Loading class java/util/stream/ReduceOps$5
Event: 4601.738 Loading class java/util/stream/ReduceOps$5 done
Event: 4601.738 Loading class java/util/stream/ReduceOps$CountingSink$OfRef
Event: 4601.738 Loading class java/util/stream/ReduceOps$CountingSink
Event: 4601.738 Loading class java/util/stream/ReduceOps$CountingSink done
Event: 4601.738 Loading class java/util/stream/ReduceOps$CountingSink$OfRef done
Event: 4601.761 Loading class java/lang/Character$UnicodeBlock
Event: 4601.762 Loading class java/lang/Character$Subset
Event: 4601.762 Loading class java/lang/Character$Subset done
Event: 4601.763 Loading class java/lang/Character$UnicodeBlock done
Event: 4601.780 Loading class java/util/regex/Pattern$Behind
Event: 4601.780 Loading class java/util/regex/Pattern$Behind done

Classes unloaded (20 events):
Event: 3997.496 Thread 0x0000026d2a18ab50 Unloading class 0x0000026d2c8edc00 'jdk/internal/reflect/GeneratedSerializationConstructorAccessor101'
Event: 3997.496 Thread 0x0000026d2a18ab50 Unloading class 0x0000026d2c8f0800 'jdk/internal/reflect/GeneratedSerializationConstructorAccessor100'
Event: 3997.496 Thread 0x0000026d2a18ab50 Unloading class 0x0000026d2c98c000 'jdk/internal/reflect/GeneratedSerializationConstructorAccessor99'
Event: 3997.496 Thread 0x0000026d2a18ab50 Unloading class 0x0000026d2c100800 'jdk/internal/reflect/GeneratedSerializationConstructorAccessor98'
Event: 3997.496 Thread 0x0000026d2a18ab50 Unloading class 0x0000026d2c0df000 'jdk/internal/reflect/GeneratedSerializationConstructorAccessor97'
Event: 4402.909 Thread 0x0000026d2a18ab50 Unloading class 0x0000026d2cb7c800 'org/apache/catalina/loader/JdbcLeakPrevention'
Event: 4600.176 Thread 0x0000026d2a18ab50 Unloading class 0x0000026d2c8edc00 'jdk/internal/reflect/GeneratedSerializationConstructorAccessor111'
Event: 4600.176 Thread 0x0000026d2a18ab50 Unloading class 0x0000026d2c8ecc00 'jdk/internal/reflect/GeneratedSerializationConstructorAccessor110'
Event: 4600.176 Thread 0x0000026d2a18ab50 Unloading class 0x0000026d2c8f0800 'org/apache/catalina/loader/JdbcLeakPrevention'
Event: 4600.176 Thread 0x0000026d2a18ab50 Unloading class 0x0000026d2cb7c400 'jdk/internal/reflect/GeneratedSerializationConstructorAccessor109'
Event: 4600.176 Thread 0x0000026d2a18ab50 Unloading class 0x0000026d2cb7c000 'jdk/internal/reflect/GeneratedSerializationConstructorAccessor108'
Event: 4600.176 Thread 0x0000026d2a18ab50 Unloading class 0x0000026d2ca8d400 'java/lang/invoke/LambdaForm$MH+0x0000026d2ca8d400'
Event: 4600.176 Thread 0x0000026d2a18ab50 Unloading class 0x0000026d2ca8c800 'java/lang/invoke/LambdaForm$MH+0x0000026d2ca8c800'
Event: 4609.392 Thread 0x0000026d2a18ab50 Unloading class 0x0000026d2cb84400 'jdk/internal/reflect/GeneratedSerializationConstructorAccessor113'
Event: 4609.392 Thread 0x0000026d2a18ab50 Unloading class 0x0000026d2cb84000 'jdk/internal/reflect/GeneratedSerializationConstructorAccessor112'
Event: 4609.392 Thread 0x0000026d2a18ab50 Unloading class 0x0000026d2cb84800 'org/apache/catalina/loader/JdbcLeakPrevention'
Event: 4609.392 Thread 0x0000026d2a18ab50 Unloading class 0x0000026d2c435000 'java/lang/invoke/LambdaForm$MH+0x0000026d2c435000'
Event: 4609.392 Thread 0x0000026d2a18ab50 Unloading class 0x0000026d2c8f0400 'java/lang/invoke/LambdaForm$MH+0x0000026d2c8f0400'
Event: 4647.732 Thread 0x0000026d2a18ab50 Unloading class 0x0000026d2cba6800 'org/apache/catalina/loader/JdbcLeakPrevention'
Event: 4681.066 Thread 0x0000026d2a18ab50 Unloading class 0x0000026d2cbacc00 'org/apache/catalina/loader/JdbcLeakPrevention'

Classes redefined (4 events):
Event: 676.808 Thread 0x0000026d2a18ab50 redefined class name=com.pitang.common.controllers.CustomExceptionHandler, count=1
Event: 676.808 Thread 0x0000026d2a18ab50 redefined class name=com.pitang.common.controllers.CustomExceptionHandler, count=1
Event: 679.218 Thread 0x0000026d2a18ab50 redefined class name=com.pitang.common.controllers.CustomExceptionHandler, count=2
Event: 679.218 Thread 0x0000026d2a18ab50 redefined class name=com.pitang.common.controllers.CustomExceptionHandler, count=2

Internal exceptions (20 events):
Event: 4649.201 Thread 0x0000026d7113a530 Exception <a 'java/io/FileNotFoundException'{0x000000050823a0e0}> (0x000000050823a0e0) 
thrown [s\open\src\hotspot\share\prims\jni.cpp, line 520]
Event: 4649.205 Thread 0x0000026d7113a530 Exception <a 'java/io/FileNotFoundException'{0x0000000508318e48}> (0x0000000508318e48) 
thrown [s\open\src\hotspot\share\prims\jni.cpp, line 520]
Event: 4649.231 Thread 0x0000026d7113a530 Exception <a 'java/io/FileNotFoundException'{0x00000005079ba020}> (0x00000005079ba020) 
thrown [s\open\src\hotspot\share\prims\jni.cpp, line 520]
Event: 4649.457 Thread 0x0000026d7113a530 Exception <a 'java/net/BindException'{0x000000050b6e3f68}: Address already in use: bind> (0x000000050b6e3f68) 
thrown [s\open\src\hotspot\share\prims\jni.cpp, line 539]
Event: 4681.031 Thread 0x0000026d7113d320 Exception <a 'java/lang/InterruptedException'{0x0000000509a8c0a8}: sleep interrupted> (0x0000000509a8c0a8) 
thrown [s\open\src\hotspot\share\prims\jvm.cpp, line 3074]
Event: 4681.132 Thread 0x0000026d2a1b8eb0 Exception <a 'sun/nio/fs/WindowsException'{0x000000050b0c4658}> (0x000000050b0c4658) 
thrown [s\open\src\hotspot\share\prims\jni.cpp, line 520]
Event: 4682.458 Thread 0x0000026d2a1b8eb0 Exception <a 'java/lang/NoClassDefFoundError'{0x00000005095bc798}: org/flywaydb/core/Flyway> (0x00000005095bc798) 
thrown [s\open\src\hotspot\share\oops\constantPool.cpp, line 873]
Event: 4682.458 Thread 0x0000026d2a1b8eb0 Exception <a 'java/lang/NoClassDefFoundError'{0x00000005095bcdf8}: liquibase/integration/spring/SpringLiquibase> (0x00000005095bcdf8) 
thrown [s\open\src\hotspot\share\oops\constantPool.cpp, line 873]
Event: 4682.463 Thread 0x0000026d2a1b8eb0 Exception <a 'java/lang/NoClassDefFoundError'{0x0000000509641288}: org/jooq/DSLContext> (0x0000000509641288) 
thrown [s\open\src\hotspot\share\oops\constantPool.cpp, line 873]
Event: 4682.465 Thread 0x0000026d2a1b8eb0 Exception <a 'java/lang/NoClassDefFoundError'{0x00000005096518f0}: org/springframework/batch/core/repository/JobRepository> (0x00000005096518f0) 
thrown [s\open\src\hotspot\share\oops\constantPool.cpp, line 873]
Event: 4682.465 Thread 0x0000026d2a1b8eb0 Exception <a 'java/lang/NoClassDefFoundError'{0x0000000509651f48}: org/quartz/Scheduler> (0x0000000509651f48) 
thrown [s\open\src\hotspot\share\oops\constantPool.cpp, line 873]
Event: 4682.466 Thread 0x0000026d2a1b8eb0 Exception <a 'java/lang/NoClassDefFoundError'{0x00000005096525c8}: org/springframework/session/jdbc/JdbcIndexedSessionRepository> (0x00000005096525c8) 
thrown [s\open\src\hotspot\share\oops\constantPool.cpp, line 873]
Event: 4682.518 Thread 0x0000026d2a1b8eb0 Exception <a 'java/io/FileNotFoundException'{0x000000050826b470}> (0x000000050826b470) 
thrown [s\open\src\hotspot\share\prims\jni.cpp, line 520]
Event: 4682.522 Thread 0x0000026d2a1b8eb0 Exception <a 'java/io/FileNotFoundException'{0x000000050834a4c0}> (0x000000050834a4c0) 
thrown [s\open\src\hotspot\share\prims\jni.cpp, line 520]
Event: 4682.548 Thread 0x0000026d2a1b8eb0 Exception <a 'java/io/FileNotFoundException'{0x00000005079ebd78}> (0x00000005079ebd78) 
thrown [s\open\src\hotspot\share\prims\jni.cpp, line 520]
Event: 4682.771 Thread 0x0000026d2a1b8eb0 Exception <a 'java/net/BindException'{0x000000050b72e8a8}: Address already in use: bind> (0x000000050b72e8a8) 
thrown [s\open\src\hotspot\share\prims\jni.cpp, line 539]
Event: 4706.688 Thread 0x0000026d7113e6d0 Exception <a 'java/lang/NoSuchMethodError'{0x000000050998eac8}: 'java.lang.Object java.lang.invoke.DirectMethodHandle$Holder.newInvokeSpecial(java.lang.Object, int, java.lang.Object, java.lang.Object, java.lang.Object)'> (0x000000050998eac8) 
thrown [s\open\src\hotspot\share\interpreter\linkResolver.cpp, line 773]
Event: 4706.688 Thread 0x0000026d7113e6d0 Exception <a 'java/lang/NoSuchMethodError'{0x0000000509992888}: 'java.lang.Object java.lang.invoke.DelegatingMethodHandle$Holder.reinvoke_L(java.lang.Object, int, java.lang.Object, java.lang.Object, java.lang.Object)'> (0x0000000509992888) 
thrown [s\open\src\hotspot\share\interpreter\linkResolver.cpp, line 773]
Event: 4706.702 Thread 0x0000026d7113e6d0 Exception <a 'java/lang/NoSuchMethodError'{0x0000000509a93ab8}: 'void java.lang.invoke.DelegatingMethodHandle$Holder.reinvoke_L(java.lang.Object, java.lang.Object, int)'> (0x0000000509a93ab8) 
thrown [s\open\src\hotspot\share\interpreter\linkResolver.cpp, line 773]
Event: 4839.107 Thread 0x0000026d7113abc0 Exception <a 'java/lang/InterruptedException'{0x00000005091be820}: sleep interrupted> (0x00000005091be820) 
thrown [s\open\src\hotspot\share\prims\jvm.cpp, line 3074]

ZGC Phase Switch (0 events):
No events

VM Operations (20 events):
Event: 4831.530 Executing VM operation: get/set locals done
Event: 4831.533 Executing VM operation: get/set locals
Event: 4831.533 Executing VM operation: get/set locals done
Event: 4832.536 Executing VM operation: get/set locals
Event: 4832.536 Executing VM operation: get/set locals done
Event: 4835.488 Executing VM operation: get/set locals
Event: 4835.488 Executing VM operation: get/set locals done
Event: 4835.488 Executing VM operation: get/set locals
Event: 4835.488 Executing VM operation: get/set locals done
Event: 4835.489 Executing VM operation: get/set locals
Event: 4835.489 Executing VM operation: get/set locals done
Event: 4835.489 Executing VM operation: get/set locals
Event: 4835.490 Executing VM operation: get/set locals done
Event: 4835.490 Executing VM operation: get/set locals
Event: 4835.490 Executing VM operation: get/set locals done
Event: 4835.491 Executing VM operation: get/set locals
Event: 4835.491 Executing VM operation: get/set locals done
Event: 4836.277 Executing VM operation: get/set locals
Event: 4836.277 Executing VM operation: get/set locals done
Event: 4839.107 Executing VM operation: G1CollectFull (System.gc())

Events (20 events):
Event: 4828.988 Thread 0x0000026d7113e6d0 Thread exited: 0x0000026d7113e6d0
Event: 4828.988 Thread 0x0000026d70d8ba80 Thread exited: 0x0000026d70d8ba80
Event: 4828.988 Thread 0x0000026d70d85ea0 Thread exited: 0x0000026d70d85ea0
Event: 4828.988 Thread 0x0000026d70d8a040 Thread exited: 0x0000026d70d8a040
Event: 4828.988 Thread 0x0000026d70d86530 Thread exited: 0x0000026d70d86530
Event: 4828.988 Thread 0x0000026d70d87250 Thread exited: 0x0000026d70d87250
Event: 4828.988 Thread 0x0000026d70d88600 Thread exited: 0x0000026d70d88600
Event: 4833.989 Thread 0x0000026d7113d320 Thread exited: 0x0000026d7113d320
Event: 4833.990 Thread 0x0000026d70d8a040 Thread added: 0x0000026d70d8a040
Event: 4833.990 Thread 0x0000026d7113a530 Thread exited: 0x0000026d7113a530
Event: 4833.990 Thread 0x0000026d70d8a040 Thread exited: 0x0000026d70d8a040
Event: 4836.991 Thread 0x0000026d2a1b9540 Thread exited: 0x0000026d2a1b9540
Event: 4836.991 Thread 0x0000026d7113e040 Thread exited: 0x0000026d7113e040
Event: 4836.991 Thread 0x0000026d7113cc90 Thread exited: 0x0000026d7113cc90
Event: 4836.991 Thread 0x0000026d7113c600 Thread exited: 0x0000026d7113c600
Event: 4836.994 Thread 0x0000026d71138460 Thread exited: 0x0000026d71138460
Event: 4836.995 Thread 0x0000026d2a1b8eb0 Thread exited: 0x0000026d2a1b8eb0
Event: 4839.107 Thread 0x0000026d7113bf70 Thread exited: 0x0000026d7113bf70
Event: 4839.107 Thread 0x0000026d7113abc0 Thread exited: 0x0000026d7113abc0
Event: 4839.107 Thread 0x0000026d7113b8e0 Thread exited: 0x0000026d7113b8e0


Dynamic libraries:
0x00007ff748550000 - 0x00007ff748560000 	C:\Program Files\Java\jdk-21.0.4\bin\javaw.exe
0x00007ffba8cb0000 - 0x00007ffba8ec7000 	C:\windows\SYSTEM32\ntdll.dll
0x00007ffba7f90000 - 0x00007ffba8054000 	C:\windows\System32\KERNEL32.DLL
0x00007ffba6410000 - 0x00007ffba67c7000 	C:\windows\System32\KERNELBASE.dll
0x00007ffba6890000 - 0x00007ffba69a1000 	C:\windows\System32\ucrtbase.dll
0x00007ffb99140000 - 0x00007ffb99159000 	C:\Program Files\Java\jdk-21.0.4\bin\jli.dll
0x00007ffba7500000 - 0x00007ffba75b2000 	C:\windows\System32\ADVAPI32.dll
0x00007ffba70b0000 - 0x00007ffba7157000 	C:\windows\System32\msvcrt.dll
0x00007ffb97f10000 - 0x00007ffb97f2b000 	C:\Program Files\Java\jdk-21.0.4\bin\VCRUNTIME140.dll
0x00007ffba8aa0000 - 0x00007ffba8b48000 	C:\windows\System32\sechost.dll
0x00007ffba69b0000 - 0x00007ffba69d8000 	C:\windows\System32\bcrypt.dll
0x00007ffba8b50000 - 0x00007ffba8c64000 	C:\windows\System32\RPCRT4.dll
0x00007ffba71b0000 - 0x00007ffba735f000 	C:\windows\System32\USER32.dll
0x00007ffba63e0000 - 0x00007ffba6406000 	C:\windows\System32\win32u.dll
0x00007ffba8230000 - 0x00007ffba8259000 	C:\windows\System32\GDI32.dll
0x00007ffba60e0000 - 0x00007ffba61f8000 	C:\windows\System32\gdi32full.dll
0x00007ffb913f0000 - 0x00007ffb91683000 	C:\windows\WinSxS\amd64_microsoft.windows.common-controls_6595b64144ccf1df_6.0.22621.3672_none_2713b9d173822955\COMCTL32.dll
0x00007ffba6040000 - 0x00007ffba60da000 	C:\windows\System32\msvcp_win.dll
0x00007ffb9ff70000 - 0x00007ffb9ff7a000 	C:\windows\SYSTEM32\VERSION.dll
0x00007ffba80f0000 - 0x00007ffba8121000 	C:\windows\System32\IMM32.DLL
0x00007ffb99ae0000 - 0x00007ffb99aec000 	C:\Program Files\Java\jdk-21.0.4\bin\vcruntime140_1.dll
0x00007ffb642c0000 - 0x00007ffb6434e000 	C:\Program Files\Java\jdk-21.0.4\bin\msvcp140.dll
0x00007ffb2dbe0000 - 0x00007ffb2e8f3000 	C:\Program Files\Java\jdk-21.0.4\bin\server\jvm.dll
0x00007ffba7410000 - 0x00007ffba7481000 	C:\windows\System32\WS2_32.dll
0x00007ffba4e70000 - 0x00007ffba4ebd000 	C:\windows\SYSTEM32\POWRPROF.dll
0x00007ffba23d0000 - 0x00007ffba2404000 	C:\windows\SYSTEM32\WINMM.dll
0x00007ffba4e50000 - 0x00007ffba4e63000 	C:\windows\SYSTEM32\UMPDC.dll
0x00007ffba5100000 - 0x00007ffba5118000 	C:\windows\SYSTEM32\kernel.appcore.dll
0x00007ffba30b0000 - 0x00007ffba30ba000 	C:\Program Files\Java\jdk-21.0.4\bin\jimage.dll
0x00007ffb9ef40000 - 0x00007ffb9f172000 	C:\windows\SYSTEM32\DBGHELP.DLL
0x00007ffba85b0000 - 0x00007ffba893e000 	C:\windows\System32\combase.dll
0x00007ffba89c0000 - 0x00007ffba8a97000 	C:\windows\System32\OLEAUT32.dll
0x00007ffb7d7f0000 - 0x00007ffb7d822000 	C:\windows\SYSTEM32\dbgcore.DLL
0x00007ffba5fc0000 - 0x00007ffba603b000 	C:\windows\System32\bcryptPrimitives.dll
0x00007ffb99450000 - 0x00007ffb9948c000 	C:\Program Files\Java\jdk-21.0.4\bin\jdwp.dll
0x00007ffb99bc0000 - 0x00007ffb99bcf000 	C:\Program Files\Java\jdk-21.0.4\bin\instrument.dll
0x00007ffba12e0000 - 0x00007ffba12ff000 	C:\Program Files\Java\jdk-21.0.4\bin\java.dll
0x00007ffba7720000 - 0x00007ffba7f89000 	C:\windows\System32\SHELL32.dll
0x00007ffba3f40000 - 0x00007ffba483f000 	C:\windows\SYSTEM32\windows.storage.dll
0x00007ffba3e00000 - 0x00007ffba3f3f000 	C:\windows\SYSTEM32\wintypes.dll
0x00007ffba8260000 - 0x00007ffba8359000 	C:\windows\System32\SHCORE.dll
0x00007ffba7490000 - 0x00007ffba74ee000 	C:\windows\System32\shlwapi.dll
0x00007ffba5ef0000 - 0x00007ffba5f17000 	C:\windows\SYSTEM32\profapi.dll
0x00007ffb99bb0000 - 0x00007ffb99bbc000 	C:\Program Files\Java\jdk-21.0.4\bin\dt_socket.dll
0x00007ffba4b10000 - 0x00007ffba4b3d000 	C:\windows\SYSTEM32\IPHLPAPI.DLL
0x00007ffba5570000 - 0x00007ffba55d9000 	C:\windows\system32\mswsock.dll
0x00007ffba4b80000 - 0x00007ffba4c82000 	C:\windows\SYSTEM32\DNSAPI.dll
0x00007ffba6ec0000 - 0x00007ffba6ec9000 	C:\windows\System32\NSI.dll
0x00007ffb9a210000 - 0x00007ffb9a21a000 	C:\Windows\System32\rasadhlp.dll
0x00007ffb9f6b0000 - 0x00007ffb9f733000 	C:\windows\System32\fwpuclnt.dll
0x00007ffb992b0000 - 0x00007ffb992c8000 	C:\Program Files\Java\jdk-21.0.4\bin\zip.dll
0x00007ffba30a0000 - 0x00007ffba30b0000 	C:\Program Files\Java\jdk-21.0.4\bin\net.dll
0x00007ffba2290000 - 0x00007ffba23c6000 	C:\windows\SYSTEM32\WINHTTP.dll
0x00007ffb992d0000 - 0x00007ffb992e6000 	C:\Program Files\Java\jdk-21.0.4\bin\nio.dll
0x00007ffb99130000 - 0x00007ffb9913a000 	C:\Program Files\Java\jdk-21.0.4\bin\management.dll
0x00007ffb97f00000 - 0x00007ffb97f0b000 	C:\Program Files\Java\jdk-21.0.4\bin\management_ext.dll
0x00007ffba74f0000 - 0x00007ffba74f8000 	C:\windows\System32\PSAPI.DLL
0x00007ffb7af20000 - 0x00007ffb7af37000 	C:\windows\system32\napinsp.dll
0x00007ffb7af00000 - 0x00007ffb7af1b000 	C:\windows\system32\pnrpnsp.dll
0x00007ffb7aee0000 - 0x00007ffb7aef1000 	C:\windows\System32\winrnr.dll
0x00007ffb84f40000 - 0x00007ffb84f55000 	C:\windows\system32\wshbth.dll
0x00007ffb7aeb0000 - 0x00007ffb7aed7000 	C:\windows\system32\nlansp_c.dll
0x00007ffba57c0000 - 0x00007ffba57db000 	C:\windows\SYSTEM32\CRYPTSP.dll
0x00007ffba5060000 - 0x00007ffba5095000 	C:\windows\system32\rsaenh.dll
0x00007ffba5660000 - 0x00007ffba5688000 	C:\windows\SYSTEM32\USERENV.dll
0x00007ffba57e0000 - 0x00007ffba57ec000 	C:\windows\SYSTEM32\CRYPTBASE.dll
0x00007ffb99ba0000 - 0x00007ffb99ba9000 	C:\Program Files\Java\jdk-21.0.4\bin\extnet.dll
0x00007ffb9f2f0000 - 0x00007ffb9f300000 	C:\Program Files\Java\jdk-21.0.4\bin\verify.dll
0x00007ffb99c80000 - 0x00007ffb99c8e000 	C:\Program Files\Java\jdk-21.0.4\bin\sunmscapi.dll
0x00007ffba6200000 - 0x00007ffba6366000 	C:\windows\System32\CRYPT32.dll
0x00007ffba5960000 - 0x00007ffba598d000 	C:\windows\SYSTEM32\ncrypt.dll
0x00007ffba5920000 - 0x00007ffba5957000 	C:\windows\SYSTEM32\NTASN1.dll
0x00007ffb890d0000 - 0x00007ffb890d8000 	C:\windows\system32\wshunix.dll

dbghelp: loaded successfully - version: 4.0.5 - missing functions: none
symbol engine: initialized successfully - sym options: 0x614 - pdb path: .;C:\Program Files\Java\jdk-21.0.4\bin;C:\windows\SYSTEM32;C:\windows\WinSxS\amd64_microsoft.windows.common-controls_6595b64144ccf1df_6.0.22621.3672_none_2713b9d173822955;C:\Program Files\Java\jdk-21.0.4\bin\server

VM Arguments:
jvm_args: -XX:+ShowCodeDetailsInExceptionMessages -agentlib:jdwp=transport=dt_socket,suspend=y,address=localhost:52683 -Dcom.sun.management.jmxremote -Dcom.sun.management.jmxremote.port=52682 -Dcom.sun.management.jmxremote.authenticate=false -Dcom.sun.management.jmxremote.ssl=false -Djava.rmi.server.hostname=localhost -Dspring.jmx.enabled=true -Dmanagement.endpoints.jmx.exposure.include=* -Dspring.application.admin.enabled=true -Dserver.port=8300 -XX:TieredStopAtLevel=1 -Dspring.boot.project.name=car -javaagent:C:\Users\Carlos\eclipse\java-2024-09\eclipse\configuration\org.eclipse.osgi\251\0\.cp\lib\javaagent-shaded.jar -Dfile.encoding=UTF-8 -Dstdout.encoding=UTF-8 -Dstderr.encoding=UTF-8 
java_command: com.pitang.car.CarApplication --spring.output.ansi.enabled=always
java_class_path (initial): C:\Users\Carlos\eclipse-workspace\car\target\classes;C:\Users\Carlos\.m2\repository\org\springframework\boot\spring-boot-starter-data-jpa\3.3.5\spring-boot-starter-data-jpa-3.3.5.jar;C:\Users\Carlos\.m2\repository\org\springframework\boot\spring-boot-starter-aop\3.3.5\spring-boot-starter-aop-3.3.5.jar;C:\Users\Carlos\.m2\repository\org\springframework\spring-aop\6.1.14\spring-aop-6.1.14.jar;C:\Users\Carlos\.m2\repository\org\aspectj\aspectjweaver\1.9.22.1\aspectjweaver-1.9.22.1.jar;C:\Users\Carlos\.m2\repository\org\springframework\boot\spring-boot-starter-jdbc\3.3.5\spring-boot-starter-jdbc-3.3.5.jar;C:\Users\Carlos\.m2\repository\com\zaxxer\HikariCP\5.1.0\HikariCP-5.1.0.jar;C:\Users\Carlos\.m2\repository\org\springframework\spring-jdbc\6.1.14\spring-jdbc-6.1.14.jar;C:\Users\Carlos\.m2\repository\org\hibernate\orm\hibernate-core\6.5.3.Final\hibernate-core-6.5.3.Final.jar;C:\Users\Carlos\.m2\repository\jakarta\persistence\jakarta.persistence-api\3.1.0\jakarta.persistence-api-3.1.0.jar;C:\Users\Carlos\.m2\repository\jakarta\transaction\jakarta.transaction-api\2.0.1\jakarta.transaction-api-2.0.1.jar;C:\Users\Carlos\.m2\repository\org\jboss\logging\jboss-logging\3.5.3.Final\jboss-logging-3.5.3.Final.jar;C:\Users\Carlos\.m2\repository\org\hibernate\common\hibernate-commons-annotations\6.0.6.Final\hibernate-commons-annotations-6.0.6.Final.jar;C:\Users\Carlos\.m2\repository\io\smallrye\jandex\3.1.2\jandex-3.1.2.jar;C:\Users\Carlos\.m2\repository\com\fasterxml\classmate\1.7.0\classmate-1.7.0.jar;C:\Users\Carlos\.m2\repository\net\bytebuddy\byte-buddy\1.14.19\byte-buddy-1.14.19.jar;C:\Users\Carlos\.m2\repository\org\glassfish\jaxb\jaxb-runtime\4.0.5\jaxb-runtime-4.0.5.jar;C:\Users\Carlos\.m2\repository\org\glassfish\jaxb\jaxb-core\4.0.5\jaxb-core-4.0.5.jar;C:\Users\Carlos\.m2\repository\org\eclipse\angus\angus-activation\2.0.2\angus-activation-2.0.2.jar;C:\Users\Carlos\.m2\repository\org\glassfish\jaxb\txw2\4.0.5\txw2-4.0.5.jar;C:\Users\Carlos\.m2\repository\com\sun\istack\istack-commons-runtime\4.1.2\istack-commons-runtime-4.1.2.jar;C:\Users\Carlos\.m2\repository\jakarta\inject\jakarta.inject-api\2.0.1\jakarta.inject-api-2.0.1.jar;C:\Users\Carlos\.m2\repository\org\antlr\antlr4-runtime\4.13.0\antlr4-runtime-4.13.0.jar;C:\Users\Carlos\.m2\repository\org\springframework\data\spring-data-jpa\3.3.5\spring-data-jpa-3.3.5.jar;C:\Users\Carlos\.m2\repository\org\springframework\data\spring-data-commons\3.3.5\spring-data-commons-3.3.5.jar;C:\Users\Carlos\.m2\repository\org\springframework\spring-orm\6.1.14\spring-orm-6.1.14.jar;C:\Users\Carlos\.m2\repository\org\springframework\spring-context\6.1.14\spring-context-6.1.14.jar;C:\Users\Carlos\.m2\repository\org\springframework\spring-tx\6.1.14\spring-tx-6.1.14.jar;C:\Users\Carlos\.m2\repository\org\springframework\spring-beans\6.1.14\spring-beans-6.1.14.jar;C:\Users\Carlos\.m2\repository\org\slf4j\slf4j-api\2.0.16\slf4j-api-2.0.16.jar;C:\Users\Carlos\.m2\repository\org\springframework\spring-aspects\6.1.14\spring-aspects-6.1.14.jar;C:\Users\Carlos\.m2\repository\org\springframework\boot\spring-boot-starter-web\3.3.5\spring-boot-starter-web-3.3.5.jar;C:\Users\Carlos\.m2\repository\org\springframework\boot\spring-boot-starter\3.3.5\spring-boot-starter-3.3.5.jar;C:\Users\Carlos\.m2\repository\org\springframework\boot\spring-boot-starter-logging\3.3.5\spring-boot-starter-logging-3.3.5.jar;C:\Users\Carlos\.m2\repository\ch\qos\logback\logback-classic\1.5.11\logback-classic-1.5.11.jar;C:\Users\Carlos\.m2\repository\ch\qos\logback\logback-core\1.5.11\logback-core-1.5.11.jar;C:\Users\Carlos\.m2\repository\org\apache\logging\log4j\log4j-to-slf4j\2.23.1\log4j-to-slf4j-2.23.1.jar;C:\Users\Carlos\.m2\repository\org\apache\logging\log4j\log4j-api\2.23.1\log4j-api-2.23.1.jar;C:\Users\Carlos\.m2\repository\org\slf4j\jul-to-slf4j\2.0.16\jul-to-slf4j-2.0.16.jar;C:\Users\Carlos\.m2\repository\org\yaml\snakeyaml\2.2\snakeyaml-2.2.jar;C:\Users\Carlos\.m2\repository\org\springframework\boot\spring-boot-starter-json\3.3.5\spring-boot-starter-json-3.3.5.jar;C:\Users\Carlos\.m2\repository\com\fasterxml\jackson\core\jackson-databind\2.17.2\jackson-databind-2.17.2.jar;C:\Users\Carlos\.m2\repository\com\fasterxml\jackson\datatype\jackson-datatype-jdk8\2.17.2\jackson-datatype-jdk8-2.17.2.jar;C:\Users\Carlos\.m2\repository\com\fasterxml\jackson\datatype\jackson-datatype-jsr310\2.17.2\jackson-datatype-jsr310-2.17.2.jar;C:\Users\Carlos\.m2\repository\com\fasterxml\jackson\module\jackson-module-parameter-names\2.17.2\jackson-module-parameter-names-2.17.2.jar;C:\Users\Carlos\.m2\repository\org\springframework\spring-web\6.1.14\spring-web-6.1.14.jar;C:\Users\Carlos\.m2\repository\io\micrometer\micrometer-observation\1.13.6\micrometer-observation-1.13.6.jar;C:\Users\Carlos\.m2\repository\io\micrometer\micrometer-commons\1.13.6\micrometer-commons-1.13.6.jar;C:\Users\Carlos\.m2\repository\org\springframework\spring-webmvc\6.1.14\spring-webmvc-6.1.14.jar;C:\Users\Carlos\.m2\repository\org\springframework\spring-expression\6.1.14\spring-expression-6.1.14.jar;C:\Users\Carlos\eclipse-workspace\common\target\classes;C:\Users\Carlos\.m2\repository\jakarta\validation\jakarta.validation-api\3.0.2\jakarta.validation-api-3.0.2.jar;C:\Users\Carlos\.m2\repository\org\springframework\boot\spring-boot-devtools\3.3.5\spring-boot-devtools-3.3.5.jar;C:\Users\Carlos\.m2\repository\org\springframework\boot\spring-boot\3.3.5\spring-boot-3.3.5.jar;C:\Users\Carlos\.m2\repository\org\springframework\boot\spring-boot-autoconfigure\3.3.5\spring-boot-autoconfigure-3.3.5.jar;C:\Users\Carlos\.m2\repository\com\h2database\h2\2.2.224\h2-2.2.224.jar;C:\Users\Carlos\.m2\repository\org\springframework\boot\spring-boot-starter-tomcat\3.3.5\spring-boot-starter-tomcat-3.3.5.jar;C:\Users\Carlos\.m2\repository\jakarta\annotation\jakarta.annotation-api\2.1.1\jakarta.annotation-api-2.1.1.jar;C:\Users\Carlos\.m2\repository\org\apache\tomcat\embed\tomcat-embed-core\10.1.31\tomcat-embed-core-10.1.31.jar;C:\Users\Carlos\.m2\repository\org\apache\tomcat\embed\tomcat-embed-el\10.1.31\tomcat-embed-el-10.1.31.jar;C:\Users\Carlos\.m2\repository\org\apache\tomcat\embed\tomcat-embed-websocket\10.1.31\tomcat-embed-websocket-10.1.31.jar;C:\Users\Carlos\.m2\repository\jakarta\xml\bind\jakarta.xml.bind-api\4.0.2\jakarta.xml.bind-api-4.0.2.jar;C:\Users\Carlos\.m2\repository\jakarta\activation\jakarta.activation-api\2.1.3\jakarta.activation-api-2.1.3.jar;C:\Users\Carlos\.m2\repository\org\springframework\spring-core\6.1.14\spring-core-6.1.14.jar;C:\Users\Carlos\.m2\repository\org\springframework\spring-jcl\6.1.14\spring-jcl-6.1.14.jar;C:\Users\Carlos\.m2\repository\org\springframework\cloud\spring-cloud-starter-openfeign\4.1.3\spring-cloud-starter-openfeign-4.1.3.jar;C:\Users\Carlos\.m2\repository\org\springframework\cloud\spring-cloud-starter\4.1.4\spring-cloud-starter-4.1.4.jar;C:\Users\Carlos\.m2\repository\org\springframework\cloud\spring-cloud-context\4.1.4\spring-cloud-context-4.1.4.jar;C:\Users\Carlos\.m2\repository\org\springframework\security\spring-security-rsa\1.1.3\spring-security-rsa-1.1.3.jar;C:\Users\Carlos\.m2\repository\org\bouncycastle\bcprov-jdk18on\1.78\bcprov-jdk18on-1.78.jar;C:\Users\Carlos\.m2\repository\org\springframework\cloud\spring-cloud-openfeign-core\4.1.3\spring-cloud-openfeign-core-4.1.3.jar;C:\Users\Carlos\.m2\repository\io\github\openfeign\form\feign-form-spring\3.8.0\feign-form-spring-3.8.0.jar;C:\Users\Carlos\.m2\repository\io\github\openfeign\form\feign-form\3.8.0\feign-form-3.8.0.jar;C:\Users\Carlos\.m2\repository\commons-fileupload\commons-fileupload\1.5\commons-fileupload-1.5.jar;C:\Users\Carlos\.m2\repository\commons-io\commons-io\2.11.0\commons-io-2.11.0.jar;C:\Users\Carlos\.m2\repository\org\springframework\cloud\spring-cloud-commons\4.1.4\spring-cloud-commons-4.1.4.jar;C:\Users\Carlos\.m2\repository\org\springframework\security\spring-security-crypto\6.3.4\spring-security-crypto-6.3.4.jar;C:\Users\Carlos\.m2\repository\io\github\openfeign\feign-core\13.3\feign-core-13.3.jar;C:\Users\Carlos\.m2\repository\io\github\openfeign\feign-slf4j\13.3\feign-slf4j-13.3.jar;C:\Users\Carlos\.m2\repository\org\springframework\cloud\spring-cloud-starter-netflix-eureka-client\4.1.3\spring-cloud-starter-netflix-eureka-client-4.1.3.jar;C:\Users\Carlos\.m2\repository\org\springframework\cloud\spring-cloud-netflix-eureka-client\4.1.3\spring-cloud-netflix-eureka-client-4.1.3.jar;C:\Users\Carlos\.m2\repository\org\apache\httpcomponents\client5\httpclient5\5.3.1\httpclient5-5.3.1.jar;C:\Users\Carlos\.m2\repository\org\apache\httpcomponents\core5\httpcore5\5.2.5\httpcore5-5.2.5.jar;C:\Users\Carlos\.m2\repository\org\apache\httpcomponents\core5\httpcore5-h2\5.2.5\httpcore5-h2-5.2.5.jar;C:\Users\Carlos\.m2\repository\com\netflix\eureka\eureka-client\2.0.3\eureka-client-2.0.3.jar;C:\Users\Carlos\.m2\repository\com\thoughtworks\xstream\xstream\1.4.20\xstream-1.4.20.jar;C:\Users\Carlos\.m2\repository\io\github\x-stream\mxparser\1.2.2\mxparser-1.2.2.jar;C:\Users\Carlos\.m2\repository\xmlpull\xmlpull\1.1.3.1\xmlpull-1.1.3.1.jar;C:\Users\Carlos\.m2\repository\jakarta\ws\rs\jakarta.ws.rs-api\3.1.0\jakarta.ws.rs-api-3.1.0.jar;C:\Users\Carlos\.m2\repository\com\netflix\spectator\spectator-api\1.7.3\spectator-api-1.7.3.jar;C:\Users\Carlos\.m2\repository\org\apache\httpcomponents\httpclient\4.5.3\httpclient-4.5.3.jar;C:\Users\Carlos\.m2\repository\org\apache\httpcomponents\httpcore\4.4.16\httpcore-4.4.16.jar;C:\Users\Carlos\.m2\repository\commons-codec\commons-codec\1.16.1\commons-codec-1.16.1.jar;C:\Users\Carlos\.m2\repository\commons-configuration\commons-configuration\1.10\commons-configuration-1.10.jar;C:\Users\Carlos\.m2\repository\commons-lang\commons-lang\2.6\commons-lang-2.6.jar;C:\Users\Carlos\.m2\repository\com\fasterxml\jackson\core\jackson-annotations\2.17.2\jackson-annotations-2.17.2.jar;C:\Users\Carlos\.m2\repository\com\fasterxml\jackson\core\jackson-core\2.17.2\jackson-core-2.17.2.jar;C:\Users\Carlos\.m2\repository\com\netflix\netflix-commons\netflix-eventbus\0.3.0\netflix-eventbus-0.3.0.jar;C:\Users\Carlos\.m2\repository\com\netflix\netflix-commons\netflix-infix\0.3.0\netflix-infix-0.3.0.jar;C:\Users\Carlos\.m2\repository\commons-jxpath\commons-jxpath\1.3\commons-jxpath-1.3.jar;C:\Users\Carlos\.m2\repository\joda-time\joda-time\2.3\joda-time-2.3.jar;C:\Users\Carlos\.m2\repository\org\antlr\antlr-runtime\3.4\antlr-runtime-3.4.jar;C:\Users\Carlos\.m2\repository\org\antlr\stringtemplate\3.2.1\stringtemplate-3.2.1.jar;C:\Users\Carlos\.m2\repository\antlr\antlr\2.7.7\antlr-2.7.7.jar;C:\Users\Carlos\.m2\repository\com\google\code\gson\gson\2.10.1\gson-2.10.1.jar;C:\Users\Carlos\.m2\repository\com\netflix\servo\servo-core\0.5.3\servo-core-0.5.3.jar;C:\Users\Carlos\.m2\repository\org\apache\commons\commons-math\2.2\commons-math-2.2.jar;C:\Users\Carlos\.m2\repository\javax\annotation\javax.annotation-api\1.2\javax.annotation-api-1.2.jar;C:\Users\Carlos\.m2\repository\org\codehaus\jettison\jettison\1.5.4\jettison-1.5.4.jar;C:\Users\Carlos\.m2\repository\com\netflix\eureka\eureka-core\2.0.3\eureka-core-2.0.3.jar;C:\Users\Carlos\.m2\repository\com\fasterxml\woodstox\woodstox-core\6.2.1\woodstox-core-6.2.1.jar;C:\Users\Carlos\.m2\repository\org\codehaus\woodstox\stax2-api\4.2.1\stax2-api-4.2.1.jar;C:\Users\Carlos\.m2\repository\com\google\guava\guava\33.0.0-jre\guava-33.0.0-jre.jar;C:\Users\Carlos\.m2\repository\com\google\guava\failureaccess\1.0.2\failureaccess-1.0.2.jar;C:\Users\Carlos\.m2\repository\com\google\guava\listenablefuture\9999.0-empty-to-avoid-conflict-with-guava\listenablefuture-9999.0-empty-to-avoid-conflict-with-guava.jar;C:\Users\Carlos\.m2\repository\org\checkerframework\checker-qual\3.41.0\checker-qual-3.41.0.jar;C:\Users\Carlos\.m2\repository\com\google\errorprone\error_prone_annotations\2.23.0\error_prone_annotations-2.23.0.jar;C:\Users\Carlos\.m2\repository\com\google\j2objc\j2objc-annotations\2.8\j2objc-annotations-2.8.jar;C:\Users\Carlos\.m2\repository\org\springframework\cloud\spring-cloud-starter-loadbalancer\4.1.4\spring-cloud-starter-loadbalancer-4.1.4.jar;C:\Users\Carlos\.m2\repository\org\springframework\cloud\spring-cloud-loadbalancer\4.1.4\spring-cloud-loadbalancer-4.1.4.jar;C:\Users\Carlos\.m2\repository\io\projectreactor\reactor-core\3.6.11\reactor-core-3.6.11.jar;C:\Users\Carlos\.m2\repository\org\reactivestreams\reactive-streams\1.0.4\reactive-streams-1.0.4.jar;C:\Users\Carlos\.m2\repository\io\projectreactor\addons\reactor-extra\3.5.2\reactor-extra-3.5.2.jar;C:\Users\Carlos\.m2\repository\org\springframework\boot\spring-boot-starter-cache\3.3.5\spring-boot-starter-cache-3.3.5.jar;C:\Users\Carlos\.m2\repository\org\springframework\spring-context-support\6.1.14\spring-context-support-6.1.14.jar;C:\Users\Carlos\.m2\repository\com\stoyanr\evictor\1.0.0\evictor-1.0.0.jar
Launcher Type: SUN_STANDARD

[Global flags]
     intx CICompilerCount                          = 4                                         {product} {ergonomic}
     uint ConcGCThreads                            = 3                                         {product} {ergonomic}
     uint G1ConcRefinementThreads                  = 10                                        {product} {ergonomic}
   size_t G1HeapRegionSize                         = 8388608                                   {product} {ergonomic}
    uintx GCDrainStackTargetSize                   = 64                                        {product} {ergonomic}
   size_t InitialHeapSize                          = 805306368                                 {product} {ergonomic}
     bool ManagementServer                         = true                                      {product} {command line}
   size_t MarkStackSize                            = 4194304                                   {product} {ergonomic}
   size_t MaxHeapSize                              = 12834570240                               {product} {ergonomic}
   size_t MaxNewSize                               = 7700742144                                {product} {ergonomic}
   size_t MinHeapDeltaBytes                        = 8388608                                   {product} {ergonomic}
   size_t MinHeapSize                              = 8388608                                   {product} {ergonomic}
    uintx NonNMethodCodeHeapSize                   = 4096                                   {pd product} {ergonomic}
    uintx NonProfiledCodeHeapSize                  = 0                                      {pd product} {ergonomic}
     bool ProfileInterpreter                       = false                                  {pd product} {command line}
    uintx ProfiledCodeHeapSize                     = 0                                      {pd product} {ergonomic}
     bool ShowCodeDetailsInExceptionMessages       = true                                   {manageable} {command line}
   size_t SoftMaxHeapSize                          = 12834570240                            {manageable} {ergonomic}
     intx TieredStopAtLevel                        = 1                                         {product} {command line}
     bool UseCompressedOops                        = true                           {product lp64_product} {ergonomic}
     bool UseG1GC                                  = true                                      {product} {ergonomic}
     bool UseLargePagesIndividualAllocation        = false                                  {pd product} {ergonomic}

Logging:
Log output configuration:
 #0: stdout all=warning uptime,level,tags foldmultilines=false
 #1: stderr all=off uptime,level,tags foldmultilines=false

Environment Variables:
JAVA_HOME=C:\Program Files\Java\jdk-21.0.4
PATH=C:/Program Files/Java/jdk-21.0.4/bin/server;C:/Program Files/Java/jdk-21.0.4/bin;C:\Program Files (x86)\Common Files\Oracle\Java\java8path;C:\Program Files (x86)\Common Files\Oracle\Java\javapath;C:\Program Files\Java\jdk-21.0.4\bin;C:\apache-maven-4.0.0-alpha-12\bin;C:\windows\system32;C:\windows;C:\windows\System32\Wbem;C:\windows\System32\WindowsPowerShell\v1.0\;C:\windows\System32\OpenSSH\;C:\Program Files (x86)\NVIDIA Corporation\PhysX\Common;C:\Program Files\NVIDIA Corporation\NVIDIA NvDLISR;C:\Program Files\dotnet\;C:\Program Files\Git\cmd;C:\Program Files (x86)\ZeroTier\One\;C:\Users\Carlos\AppData\Local\Microsoft\WindowsApps;C:\Users\Carlos\AppData\Local\Programs\Microsoft VS Code\bin;C:\Users\Carlos\AppData\Local\GitHubDesktop\bin;;C:\Users\Carlos\Desktop;
USERNAME=Carlos
OS=Windows_NT
PROCESSOR_IDENTIFIER=AMD64 Family 23 Model 96 Stepping 1, AuthenticAMD
TMP=C:\Users\Carlos\AppData\Local\Temp
TEMP=C:\Users\Carlos\AppData\Local\Temp




Periodic native trim disabled

---------------  S Y S T E M  ---------------

OS:
 Windows 11 , 64 bit Build 22621 (10.0.22621.3958)
OS uptime: 0 days 6:37 hours

CPU: total 12 (initial active 12) (12 cores per cpu, 2 threads per core) family 23 model 96 stepping 1 microcode 0x0, cx8, cmov, fxsr, ht, mmx, 3dnowpref, sse, sse2, sse3, ssse3, sse4a, sse4.1, sse4.2, popcnt, lzcnt, tsc, tscinvbit, avx, avx2, aes, clmul, bmi1, bmi2, adx, sha, fma, vzeroupper, clflush, clflushopt, rdtscp, rdpid, f16c
Processor Information for all 12 processors :
  Max Mhz: 3701, Current Mhz: 3701, Mhz Limit: 3701

Memory: 4k page, system-wide physical 48947M (38345M free)
TotalPageFile size 52019M (AvailPageFile size 39385M)
current process WorkingSet (physical memory assigned to process): 340M, peak: 419M
current process commit charge ("private bytes"): 391M, peak: 907M

vm_info: Java HotSpot(TM) 64-Bit Server VM (21.0.4+8-LTS-274) for windows-amd64 JRE (21.0.4+8-LTS-274), built on 2024-06-05T05:23:33Z by "mach5one" with MS VC++ 17.6 (VS2022)

END.
